unload bsc/commands (PATH, MANPATH) 
unload CUDA/9.1 (PATH, MANPATH, LD_LIBRARY_PATH, LIBRARY_PATH, C_INCLUDE_PATH,
CPLUS_INCLUDE_PATH, CUDA_HOME, CUDA_VERSION, CUDA_INC, CUDA_INSTALL_PATH) 
unload OPENMPI/3.0.0 (PATH, MANPATH, LD_LIBRARY_PATH, LIBRARY_PATH,
PKG_CONFIG_PATH, C_INCLUDE_PATH, CPLUS_INCLUDE_PATH, MPI, MPI_V) 
unload GCC/6.4.0 (PATH, MANPATH, INFOPATH, LD_LIBRARY_PATH, LIBRARY_PATH,
C_INCLUDE_PATH, CPLUS_INCLUDE_PATH, STD COMP VARS) 
load GCC/8.3.0 (PATH, MANPATH, INFOPATH, LIBRARY_PATH, LD_LIBRARY_PATH, STD
COMP VARS) 
load CUDA/10.2 (PATH, MANPATH, LD_LIBRARY_PATH, LIBRARY_PATH, C_INCLUDE_PATH,
CPLUS_INCLUDE_PATH, CUDA_HOME, CUDA_VERSION, CUDA_INC, CUDA_INSTALL_PATH) 
load CUDNN/7.6.4 (LD_LIBRARY_PATH, LIBRARY_PATH, C_INCLUDE_PATH,
CPLUS_INCLUDE_PATH, CUDNN_LIB_DIR, CUDNN_LIBRARY, CUDNN_INCLUDE_DIR) 
load NCCL/2.4.8 (LD_LIBRARY_PATH, LIBRARY_PATH, C_INCLUDE_PATH,
CPLUS_INCLUDE_PATH) 
load TENSORRT/6.0.1 (PATH, LD_LIBRARY_PATH, LIBRARY_PATH, C_INCLUDE_PATH,
CPLUS_INCLUDE_PATH) 
load OPENMPI/4.0.1 (PATH, MANPATH, LD_LIBRARY_PATH, LIBRARY_PATH,
PKG_CONFIG_PATH, C_INCLUDE_PATH, CPLUS_INCLUDE_PATH, MPI, MPI_V) 
load ATLAS/3.10.3 (LD_LIBRARY_PATH, LIBRARY_PATH, C_INCLUDE_PATH,
CPLUS_INCLUDE_PATH) 
load SCALAPACK/2.0.2 (LD_LIBRARY_PATH, LIBRARY_PATH, PKG_CONFIG_PATH) 
load FFTW/3.3.8 (PATH, MANPATH, LD_LIBRARY_PATH, LIBRARY_PATH, C_INCLUDE_PATH,
CPLUS_INCLUDE_PATH, PKG_CONFIG_PATH) 
load SZIP/2.1.1 (LD_LIBRARY_PATH, LIBRARY_PATH, C_INCLUDE_PATH,
CPLUS_INCLUDE_PATH) 
load FFMPEG/4.2.1 (PATH, LIBRARY_PATH, PKG_CONFIG_PATH, C_INCLUDE_PATH,
CPLUS_INCLUDE_PATH) 
load OPENCV/4.1.1 (PATH, LD_LIBRARY_PATH, LIBRARY_PATH, C_INCLUDE_PATH,
CPLUS_INCLUDE_PATH, PYTHONPATH) 
load PYTHON/3.7.4_ML (PATH, MANPATH, LD_LIBRARY_PATH, LIBRARY_PATH,
PKG_CONFIG_PATH, C_INCLUDE_PATH, CPLUS_INCLUDE_PATH, PYTHONHOME, PYTHONPATH,
OMPI_MCA_mpi_warn_on_fork, PROTOCOL_BUFFERS_PYTHON_IMPLEMENTATION,
PROTOCOL_BUFFERS_PYTHON_IMPLEMENTATION_VERSION) 
load TENSORFLOW/2.5.0 (PATH, PYTHONPATH) 
unload NCCL/2.4.8 (LD_LIBRARY_PATH, LIBRARY_PATH, C_INCLUDE_PATH,
CPLUS_INCLUDE_PATH) 
load NCCL/2.9.9 (LD_LIBRARY_PATH, LIBRARY_PATH, C_INCLUDE_PATH,
CPLUS_INCLUDE_PATH) 

The following have been reloaded with a version change:
  1) nccl/2.4.8 => nccl/2.9.9


-----------------------------------------------------------------------------
Training Epoch: 0
Loss 'Supervised_PINNS': 0.00458047306
Current Time: 12:51:31

-----------------------------------------------------------------------------
Validation Epoch 0
Loss 'Supervised_PINNS': 0.00566755282
Metric ['MSE', 'RSE', 'RAE', 'RAE_target_0', 'RAE_target_1', 'RAE_target_2', 'RE_RealGasEq', 'RE_CpEq']:
 [0.00566755282 0.0350086801 0.0834006593 0.0703172386 0.141881302 0.0380034223 0.0373351127 0.0328588821]
Current Time: 12:51:38

-----------------------------------------------------------------------------
Training Epoch: 1
Loss 'Supervised_PINNS': 0.00384360855
Current Time: 13:09:34

-----------------------------------------------------------------------------
Validation Epoch 1
Loss 'Supervised_PINNS': 0.00549943047
Metric ['MSE', 'RSE', 'RAE', 'RAE_target_0', 'RAE_target_1', 'RAE_target_2', 'RE_RealGasEq', 'RE_CpEq']:
 [0.00549943047 0.0541623048 0.0830852762 0.0636015 0.150654599 0.0349997357 0.0364210606 0.0248874091]
Current Time: 13:09:40

-----------------------------------------------------------------------------
Training Epoch: 2
Loss 'Supervised_PINNS': 0.00354197132
Current Time: 13:27:30

-----------------------------------------------------------------------------
Validation Epoch 2
Loss 'Supervised_PINNS': 0.00430748938
Metric ['MSE', 'RSE', 'RAE', 'RAE_target_0', 'RAE_target_1', 'RAE_target_2', 'RE_RealGasEq', 'RE_CpEq']:
 [0.00430748938 0.0345529579 0.0723621398 0.0633391961 0.123646937 0.0301002841 0.0211925544 0.0250253472]
Current Time: 13:27:35

-----------------------------------------------------------------------------
Training Epoch: 3
Loss 'Supervised_PINNS': 0.003285571
Current Time: 13:45:20

-----------------------------------------------------------------------------
Validation Epoch 3
Loss 'Supervised_PINNS': 0.00446040742
Metric ['MSE', 'RSE', 'RAE', 'RAE_target_0', 'RAE_target_1', 'RAE_target_2', 'RE_RealGasEq', 'RE_CpEq']:
 [0.00446040742 0.0349803902 0.0750137269 0.0644630194 0.130649939 0.0299282242 0.0239341017 0.0202536397]
Current Time: 13:45:25

-----------------------------------------------------------------------------
Training Epoch: 4
Loss 'Supervised_PINNS': 0.00319567393
Current Time: 14:03:09

-----------------------------------------------------------------------------
Validation Epoch 4
Loss 'Supervised_PINNS': 0.00437175948
Metric ['MSE', 'RSE', 'RAE', 'RAE_target_0', 'RAE_target_1', 'RAE_target_2', 'RE_RealGasEq', 'RE_CpEq']:
 [0.00437175948 0.0279405322 0.070980452 0.0618687235 0.121045984 0.0300266594 0.0318440869 0.0322822817]
Current Time: 14:03:14

-----------------------------------------------------------------------------
Training Epoch: 5
Loss 'Supervised_PINNS': 0.0030888305
Current Time: 14:20:59

-----------------------------------------------------------------------------
Validation Epoch 5
Loss 'Supervised_PINNS': 0.00476754503
Metric ['MSE', 'RSE', 'RAE', 'RAE_target_0', 'RAE_target_1', 'RAE_target_2', 'RE_RealGasEq', 'RE_CpEq']:
 [0.00476754503 0.0413488112 0.0767271891 0.0646361113 0.134912476 0.0306330118 0.0192532223 0.0138521148]
Current Time: 14:21:04

-----------------------------------------------------------------------------
Training Epoch: 6
Loss 'Supervised_PINNS': 0.0030496153
Current Time: 14:38:49

-----------------------------------------------------------------------------
Validation Epoch 6
Loss 'Supervised_PINNS': 0.00455734506
Metric ['MSE', 'RSE', 'RAE', 'RAE_target_0', 'RAE_target_1', 'RAE_target_2', 'RE_RealGasEq', 'RE_CpEq']:
 [0.00455734506 0.0333705135 0.0752846822 0.0665342435 0.12774685 0.0315729342 0.0151810292 0.0201060362]
Current Time: 14:38:54

-----------------------------------------------------------------------------
Training Epoch: 7
Loss 'Supervised_PINNS': 0.00302661839
Current Time: 14:56:46

-----------------------------------------------------------------------------
Validation Epoch 7
Loss 'Supervised_PINNS': 0.00421242556
Metric ['MSE', 'RSE', 'RAE', 'RAE_target_0', 'RAE_target_1', 'RAE_target_2', 'RE_RealGasEq', 'RE_CpEq']:
 [0.00421242556 0.0313650854 0.0705004558 0.061446704 0.121350259 0.0287044011 0.0252795629 0.0219710693]
Current Time: 14:56:51

-----------------------------------------------------------------------------
Training Epoch: 8
Loss 'Supervised_PINNS': 0.00300301239
Current Time: 15:14:46

-----------------------------------------------------------------------------
Validation Epoch 8
Loss 'Supervised_PINNS': 0.00439058105
Metric ['MSE', 'RSE', 'RAE', 'RAE_target_0', 'RAE_target_1', 'RAE_target_2', 'RE_RealGasEq', 'RE_CpEq']:
 [0.00439058105 0.0312235206 0.0730852187 0.0642518774 0.124848276 0.0301554985 0.0180386342 0.0201307051]
Current Time: 15:14:53

-----------------------------------------------------------------------------
Training Epoch: 9
Loss 'Supervised_PINNS': 0.00298622064
Current Time: 15:32:57

-----------------------------------------------------------------------------
Validation Epoch 9
Loss 'Supervised_PINNS': 0.00440927269
Metric ['MSE', 'RSE', 'RAE', 'RAE_target_0', 'RAE_target_1', 'RAE_target_2', 'RE_RealGasEq', 'RE_CpEq']:
 [0.00440927222 0.0310529452 0.0738103092 0.0655203611 0.125286952 0.0306236278 0.0242076851 0.0227742046]
Current Time: 15:33:02

-----------------------------------------------------------------------------
Training Epoch: 10
Loss 'Supervised_PINNS': 0.00297308201
Current Time: 15:51:02

-----------------------------------------------------------------------------
Validation Epoch 10
Loss 'Supervised_PINNS': 0.0044847317
Metric ['MSE', 'RSE', 'RAE', 'RAE_target_0', 'RAE_target_1', 'RAE_target_2', 'RE_RealGasEq', 'RE_CpEq']:
 [0.0044847317 0.0316090323 0.0738373 0.0653059706 0.126130849 0.0300750583 0.0169852674 0.0156267025]
Current Time: 15:51:07

-----------------------------------------------------------------------------
Training Epoch: 11
Loss 'Supervised_PINNS': 0.00296153361
Current Time: 16:09:04

-----------------------------------------------------------------------------
Validation Epoch 11
Loss 'Supervised_PINNS': 0.00454029068
Metric ['MSE', 'RSE', 'RAE', 'RAE_target_0', 'RAE_target_1', 'RAE_target_2', 'RE_RealGasEq', 'RE_CpEq']:
 [0.00454029 0.0338264 0.0752946436 0.0650687069 0.129431292 0.0313839391 0.0153435832 0.0206477437]
Current Time: 16:09:09

-----------------------------------------------------------------------------
Training Epoch: 12
Loss 'Supervised_PINNS': 0.00295247394
Current Time: 16:27:06

-----------------------------------------------------------------------------
Validation Epoch 12
Loss 'Supervised_PINNS': 0.00433863141
Metric ['MSE', 'RSE', 'RAE', 'RAE_target_0', 'RAE_target_1', 'RAE_target_2', 'RE_RealGasEq', 'RE_CpEq']:
 [0.00433863141 0.0309001263 0.0720659345 0.0632987395 0.123473667 0.0294254 0.0162997879 0.0161800925]
Current Time: 16:27:11

-----------------------------------------------------------------------------
Training Epoch: 13
Loss 'Supervised_PINNS': 0.00294720125
Current Time: 16:45:38

-----------------------------------------------------------------------------
Validation Epoch 13
Loss 'Supervised_PINNS': 0.00434565544
Metric ['MSE', 'RSE', 'RAE', 'RAE_target_0', 'RAE_target_1', 'RAE_target_2', 'RE_RealGasEq', 'RE_CpEq']:
 [0.00434565544 0.0289624929 0.0725545585 0.0639309064 0.12324135 0.030491408 0.018370131 0.0230123084]
Current Time: 16:45:43

-----------------------------------------------------------------------------
Training Epoch: 14
Loss 'Supervised_PINNS': 0.002941994
Current Time: 17:03:55

-----------------------------------------------------------------------------
Validation Epoch 14
Loss 'Supervised_PINNS': 0.00445476267
Metric ['MSE', 'RSE', 'RAE', 'RAE_target_0', 'RAE_target_1', 'RAE_target_2', 'RE_RealGasEq', 'RE_CpEq']:
 [0.00445476267 0.0322524421 0.0738522783 0.0646020323 0.12663196 0.030322833 0.0164394137 0.0196246933]
Current Time: 17:04:01

-----------------------------------------------------------------------------
Training Epoch: 15
Loss 'Supervised_PINNS': 0.00293757021
Current Time: 17:22:14

-----------------------------------------------------------------------------
Validation Epoch 15
Loss 'Supervised_PINNS': 0.00445622904
Metric ['MSE', 'RSE', 'RAE', 'RAE_target_0', 'RAE_target_1', 'RAE_target_2', 'RE_RealGasEq', 'RE_CpEq']:
 [0.00445622904 0.0327058882 0.0732646212 0.0641443506 0.125632867 0.0300166421 0.0196426231 0.0223336946]
Current Time: 17:22:20

-----------------------------------------------------------------------------
Training Epoch: 16
Loss 'Supervised_PINNS': 0.00293432153
Current Time: 17:40:33

-----------------------------------------------------------------------------
Validation Epoch 16
Loss 'Supervised_PINNS': 0.00476491963
Metric ['MSE', 'RSE', 'RAE', 'RAE_target_0', 'RAE_target_1', 'RAE_target_2', 'RE_RealGasEq', 'RE_CpEq']:
 [0.00476491963 0.0390180685 0.0760503262 0.0654421 0.13185969 0.0308491811 0.0156998094 0.0204634722]
Current Time: 17:40:39

-----------------------------------------------------------------------------
Training Epoch: 17
Loss 'Supervised_PINNS': 0.00293239369
Current Time: 17:59:12

-----------------------------------------------------------------------------
Validation Epoch 17
Loss 'Supervised_PINNS': 0.00442178221
Metric ['MSE', 'RSE', 'RAE', 'RAE_target_0', 'RAE_target_1', 'RAE_target_2', 'RE_RealGasEq', 'RE_CpEq']:
 [0.00442178221 0.0311673582 0.0732958391 0.0645690188 0.125001937 0.0303165931 0.015933143 0.0206010621]
Current Time: 17:59:18

-----------------------------------------------------------------------------
Training Epoch: 18
Loss 'Supervised_PINNS': 0.00292965095
Current Time: 18:17:56

-----------------------------------------------------------------------------
Validation Epoch 18
Loss 'Supervised_PINNS': 0.00452461699
Metric ['MSE', 'RSE', 'RAE', 'RAE_target_0', 'RAE_target_1', 'RAE_target_2', 'RE_RealGasEq', 'RE_CpEq']:
 [0.00452461699 0.0330261812 0.0741777718 0.0648528486 0.127318263 0.0303622037 0.0175268743 0.0208643358]
Current Time: 18:18:02

-----------------------------------------------------------------------------
Training Epoch: 19
Loss 'Supervised_PINNS': 0.00292848563
Current Time: 18:36:09

-----------------------------------------------------------------------------
Validation Epoch 19
Loss 'Supervised_PINNS': 0.00439041294
Metric ['MSE', 'RSE', 'RAE', 'RAE_target_0', 'RAE_target_1', 'RAE_target_2', 'RE_RealGasEq', 'RE_CpEq']:
 [0.00439041248 0.0308158621 0.0727029741 0.0639877245 0.124216162 0.0299050305 0.0159196071 0.020134056]
Current Time: 18:36:13

-----------------------------------------------------------------------------
Training Epoch: 20
Loss 'Supervised_PINNS': 0.00292651425
Current Time: 18:54:14

-----------------------------------------------------------------------------
Validation Epoch 20
Loss 'Supervised_PINNS': 0.00445847632
Metric ['MSE', 'RSE', 'RAE', 'RAE_target_0', 'RAE_target_1', 'RAE_target_2', 'RE_RealGasEq', 'RE_CpEq']:
 [0.00445847632 0.0329457931 0.0733862445 0.0642512292 0.125888452 0.0300190616 0.0144712059 0.0186778046]
Current Time: 18:54:18

-----------------------------------------------------------------------------
Training Epoch: 21
Loss 'Supervised_PINNS': 0.00292597944
Current Time: 19:12:18

Arguments:

ndim: 3

features_idx: [1, 2]

targets_name: ['c_p', 'rho', 'T']

training_filename: ['/home/bsc44/bsc44529/scratch_bsc44529/datasets/post_processed/59300000_5features_4targets/3d_high_pressure_turbulent_channel_flow_53900000.npz']

validation_filename: ['/home/bsc44/bsc44529/scratch_bsc44529/datasets/post_processed/59300000_5features_4targets/3d_high_pressure_turbulent_channel_flow_59300000.npz']

prediction_filename: ['/home/bsc44/bsc44529/scratch_bsc44529/datasets/post_processed/59300000_5features_4targets/3d_high_pressure_turbulent_channel_flow_59300000.npz']

spatial_dimension: [128, 128, 128]

features_limits: {'y': [0.0, 0.0002], 'u': [-0.1, 3.5], 'TKE_normalized': [0.0, 0.2], 'vorticity_magn_normalized': [0.0, 55.0], 'enstrophy_normalized': [0.0, 1400.0]}

targets_limits: {'c_p': [0.0, 4200.0], 'rho': [0.0, 850.0], 'T': [0.0, 200.0]}

learning_rate: 0.001

lr_decay: exp

lr_decay_rate: 0.1

lr_decay_step: 10.0

lr_scheduler_call_frequency: epoch

lr_verbose: 1

early_stopping_min_delta: 1e-05

early_stopping_patience: 5

early_stopping_start_from_epoch: 0

optimizer: Adam

loss: Supervised_PINNS

metrics: ['MSE', 'RSE', 'RAE', 'RAE_target_0', 'RAE_target_1', 'RAE_target_2', 'RE_RealGasEq', 'RE_CpEq']

Supervised_PINNS_weights: [1.0, 0.0, 0.0]

Supervised_PINNS_weights_first_epoch: [1.0, 0.0, 0.0]

num_hidden_layers: 6

num_neurons_per_layer: 16

activation_function: relu

initializer_type: normal

seed: 4

regularizer_type: L2

regularizer_factor: 0.01

num_epochs: 100

batch_size: 16

batch_size_validation: 2097152

batch_size_prediction: 2097152

num_batches_per_print_information: 1000000

make_plots: False

visualization_step: 500

Substance: N2

P_constant: 6791600.0

eps: 1e-05

save_ckpt_freq: 1

ckpt_filename_prediction: checkpoints

num_features: 2

num_targets: 3


Shape training features: (2097152, 2)
Shape training targets: (2097152, 3)

Features name: ['u', 'TKE_normalized']
Targets name: ['c_p', 'rho', 'T']

Training Number of Batches per Epoch: 131072, with number of samples 2097152 and batch size 16

Min-Max Scaler to feature 'u', from (min, max) = (-0.1000, 3.5000) to (0, 1)
Min-Max after scaling,  training  dataset: (0.0288,0.8573)
Min-Max after scaling, validation dataset: (0.0288,0.9207)

Min-Max Scaler to feature 'TKE_normalized', from (min, max) = (0.0000, 0.2000) to (0, 1)
Min-Max after scaling,  training  dataset: (0.0000,0.9108)
Min-Max after scaling, validation dataset: (0.0000,0.8237)

Min-Max Scaler to target 'c_p', from (min, max) = (0.0000, 4200.0000) to (0, 1)
Min-Max after scaling,  training  dataset: (0.3658,0.9223)
Min-Max after scaling, validation dataset: (0.3653,0.9224)

Min-Max Scaler to target 'rho', from (min, max) = (0.0000, 850.0000) to (0, 1)
Min-Max after scaling,  training  dataset: (0.1741,0.9870)
Min-Max after scaling, validation dataset: (0.1738,0.9870)

Min-Max Scaler to target 'T', from (min, max) = (0.0000, 200.0000) to (0, 1)
Min-Max after scaling,  training  dataset: (0.4736,0.9455)
Min-Max after scaling, validation dataset: (0.4736,0.9464)

Dataset Training: 
<BatchDataset shapes: ((None, 2), (None, 3)), types: (tf.float32, tf.float32)>

Dataset Validation: 
<BatchDataset shapes: ((None, 2), (None, 3)), types: (tf.float32, tf.float32)>
Model: "model"
_________________________________________________________________
Layer (type)                 Output Shape              Param #   
=================================================================
input_1 (InputLayer)         [(None, 2)]               0         
_________________________________________________________________
dense (Dense)                (None, 16)                48        
_________________________________________________________________
dense_1 (Dense)              (None, 16)                272       
_________________________________________________________________
dense_2 (Dense)              (None, 16)                272       
_________________________________________________________________
dense_3 (Dense)              (None, 16)                272       
_________________________________________________________________
dense_4 (Dense)              (None, 16)                272       
_________________________________________________________________
dense_5 (Dense)              (None, 16)                272       
_________________________________________________________________
dense_6 (Dense)              (None, 3)                 51        
=================================================================
Total params: 1,459
Trainable params: 1,459
Non-trainable params: 0
_________________________________________________________________
None
Learning rate scheduler defined. Learning rate will decay exponentially, with:
    initial learning rate: 1.0000e-03
    decay rate: 1.0000e-01
    decay step: 1.0000e+01

Epoch 0: LearningRateScheduler setting learning rate to 0.001.

Epoch 1: LearningRateScheduler setting learning rate to 0.0007943282347242815.

Epoch 2: LearningRateScheduler setting learning rate to 0.0006309573444801933.

Epoch 3: LearningRateScheduler setting learning rate to 0.0005011872336272724.

Epoch 4: LearningRateScheduler setting learning rate to 0.00039810717055349724.

Epoch 5: LearningRateScheduler setting learning rate to 0.00031622776601683794.

Epoch 6: LearningRateScheduler setting learning rate to 0.000251188643150958.

Epoch 7: LearningRateScheduler setting learning rate to 0.000199526231496888.

Epoch 8: LearningRateScheduler setting learning rate to 0.00015848931924611134.

Epoch 9: LearningRateScheduler setting learning rate to 0.00012589254117941674.

Epoch 10: LearningRateScheduler setting learning rate to 0.0001.

Epoch 11: LearningRateScheduler setting learning rate to 7.943282347242814e-05.

Epoch 12: LearningRateScheduler setting learning rate to 6.309573444801933e-05.

Epoch 13: LearningRateScheduler setting learning rate to 5.011872336272723e-05.

Epoch 14: LearningRateScheduler setting learning rate to 3.9810717055349735e-05.

Epoch 15: LearningRateScheduler setting learning rate to 3.16227766016838e-05.

Epoch 16: LearningRateScheduler setting learning rate to 2.5118864315095798e-05.

Epoch 17: LearningRateScheduler setting learning rate to 1.99526231496888e-05.

Epoch 18: LearningRateScheduler setting learning rate to 1.5848931924611134e-05.

Epoch 19: LearningRateScheduler setting learning rate to 1.2589254117941676e-05.

Epoch 20: LearningRateScheduler setting learning rate to 1.0000000000000003e-05.

Epoch 21: LearningRateScheduler setting learning rate to 7.943282347242813e-06.
Epoch 22: early stopping
