unload bsc/commands (PATH, MANPATH) 
unload CUDA/9.1 (PATH, MANPATH, LD_LIBRARY_PATH, LIBRARY_PATH, C_INCLUDE_PATH,
CPLUS_INCLUDE_PATH, CUDA_HOME, CUDA_VERSION, CUDA_INC, CUDA_INSTALL_PATH) 
unload OPENMPI/3.0.0 (PATH, MANPATH, LD_LIBRARY_PATH, LIBRARY_PATH,
PKG_CONFIG_PATH, C_INCLUDE_PATH, CPLUS_INCLUDE_PATH, MPI, MPI_V) 
unload GCC/6.4.0 (PATH, MANPATH, INFOPATH, LD_LIBRARY_PATH, LIBRARY_PATH,
C_INCLUDE_PATH, CPLUS_INCLUDE_PATH, STD COMP VARS) 
load GCC/8.3.0 (PATH, MANPATH, INFOPATH, LIBRARY_PATH, LD_LIBRARY_PATH, STD
COMP VARS) 
load CUDA/10.2 (PATH, MANPATH, LD_LIBRARY_PATH, LIBRARY_PATH, C_INCLUDE_PATH,
CPLUS_INCLUDE_PATH, CUDA_HOME, CUDA_VERSION, CUDA_INC, CUDA_INSTALL_PATH) 
load CUDNN/7.6.4 (LD_LIBRARY_PATH, LIBRARY_PATH, C_INCLUDE_PATH,
CPLUS_INCLUDE_PATH, CUDNN_LIB_DIR, CUDNN_LIBRARY, CUDNN_INCLUDE_DIR) 
load NCCL/2.4.8 (LD_LIBRARY_PATH, LIBRARY_PATH, C_INCLUDE_PATH,
CPLUS_INCLUDE_PATH) 
load TENSORRT/6.0.1 (PATH, LD_LIBRARY_PATH, LIBRARY_PATH, C_INCLUDE_PATH,
CPLUS_INCLUDE_PATH) 
load OPENMPI/4.0.1 (PATH, MANPATH, LD_LIBRARY_PATH, LIBRARY_PATH,
PKG_CONFIG_PATH, C_INCLUDE_PATH, CPLUS_INCLUDE_PATH, MPI, MPI_V) 
load ATLAS/3.10.3 (LD_LIBRARY_PATH, LIBRARY_PATH, C_INCLUDE_PATH,
CPLUS_INCLUDE_PATH) 
load SCALAPACK/2.0.2 (LD_LIBRARY_PATH, LIBRARY_PATH, PKG_CONFIG_PATH) 
load FFTW/3.3.8 (PATH, MANPATH, LD_LIBRARY_PATH, LIBRARY_PATH, C_INCLUDE_PATH,
CPLUS_INCLUDE_PATH, PKG_CONFIG_PATH) 
load SZIP/2.1.1 (LD_LIBRARY_PATH, LIBRARY_PATH, C_INCLUDE_PATH,
CPLUS_INCLUDE_PATH) 
load FFMPEG/4.2.1 (PATH, LIBRARY_PATH, PKG_CONFIG_PATH, C_INCLUDE_PATH,
CPLUS_INCLUDE_PATH) 
load OPENCV/4.1.1 (PATH, LD_LIBRARY_PATH, LIBRARY_PATH, C_INCLUDE_PATH,
CPLUS_INCLUDE_PATH, PYTHONPATH) 
load PYTHON/3.7.4_ML (PATH, MANPATH, LD_LIBRARY_PATH, LIBRARY_PATH,
PKG_CONFIG_PATH, C_INCLUDE_PATH, CPLUS_INCLUDE_PATH, PYTHONHOME, PYTHONPATH,
OMPI_MCA_mpi_warn_on_fork, PROTOCOL_BUFFERS_PYTHON_IMPLEMENTATION,
PROTOCOL_BUFFERS_PYTHON_IMPLEMENTATION_VERSION) 
load TENSORFLOW/2.5.0 (PATH, PYTHONPATH) 
unload NCCL/2.4.8 (LD_LIBRARY_PATH, LIBRARY_PATH, C_INCLUDE_PATH,
CPLUS_INCLUDE_PATH) 
load NCCL/2.9.9 (LD_LIBRARY_PATH, LIBRARY_PATH, C_INCLUDE_PATH,
CPLUS_INCLUDE_PATH) 

The following have been reloaded with a version change:
  1) nccl/2.4.8 => nccl/2.9.9


-----------------------------------------------------------------------------
Training Epoch: 0
    Batch: 100000 || Loss 'Supervised_PINNS': 0.00801389851
Loss 'Supervised_PINNS': 0.00953717623
Current Time: 18:47:37

-----------------------------------------------------------------------------
Validation Epoch 0
Loss 'Supervised_PINNS': 0.0074088769
Metric ['MSE', 'RSE', 'RAE', 'RAE_target_0', 'RAE_target_1', 'RAE_target_2', 'RE_RealGasEq', 'RE_CpEq']:
 [0.00683072954 0.0665034056 0.098312 0.0841507167 0.167644531 0.0431407467 0.00904483255 0.00847094506]
Current Time: 18:47:44

-----------------------------------------------------------------------------
Training Epoch: 1
    Batch: 100000 || Loss 'Supervised_PINNS': 0.00838811
Loss 'Supervised_PINNS': 0.00493925577
Current Time: 19:06:18

-----------------------------------------------------------------------------
Validation Epoch 1
Loss 'Supervised_PINNS': 0.00503053842
Metric ['MSE', 'RSE', 'RAE', 'RAE_target_0', 'RAE_target_1', 'RAE_target_2', 'RE_RealGasEq', 'RE_CpEq']:
 [0.00629754737 0.038985163 0.0825791284 0.0752226263 0.133482099 0.0390326716 0.00195659604 0.00219177175]
Current Time: 19:06:23

-----------------------------------------------------------------------------
Training Epoch: 2
    Batch: 100000 || Loss 'Supervised_PINNS': 0.00130675023
Loss 'Supervised_PINNS': 0.00416087871
Current Time: 19:25:06

-----------------------------------------------------------------------------
Validation Epoch 2
Loss 'Supervised_PINNS': 0.00435013231
Metric ['MSE', 'RSE', 'RAE', 'RAE_target_0', 'RAE_target_1', 'RAE_target_2', 'RE_RealGasEq', 'RE_CpEq']:
 [0.00565901399 0.0561748929 0.0845881402 0.0735414773 0.144209087 0.0360138565 0.00127276185 0.00131938816]
Current Time: 19:25:11

-----------------------------------------------------------------------------
Training Epoch: 3
    Batch: 100000 || Loss 'Supervised_PINNS': 0.00298852823
Loss 'Supervised_PINNS': 0.0034327195
Current Time: 19:43:46

-----------------------------------------------------------------------------
Validation Epoch 3
Loss 'Supervised_PINNS': 0.00476858672
Metric ['MSE', 'RSE', 'RAE', 'RAE_target_0', 'RAE_target_1', 'RAE_target_2', 'RE_RealGasEq', 'RE_CpEq']:
 [0.00516250962 0.0433616787 0.0807808489 0.0717661232 0.135982767 0.0345936641 0.00431435183 0.00338451471]
Current Time: 19:43:51

-----------------------------------------------------------------------------
Training Epoch: 4
    Batch: 100000 || Loss 'Supervised_PINNS': 0.00908304378
Loss 'Supervised_PINNS': 0.00298010767
Current Time: 20:02:29

-----------------------------------------------------------------------------
Validation Epoch 4
Loss 'Supervised_PINNS': 0.00394777767
Metric ['MSE', 'RSE', 'RAE', 'RAE_target_0', 'RAE_target_1', 'RAE_target_2', 'RE_RealGasEq', 'RE_CpEq']:
 [0.00496313302 0.0308489 0.0762225091 0.068757 0.125336587 0.0345739163 0.00170359295 0.00145363761]
Current Time: 20:02:35

-----------------------------------------------------------------------------
Training Epoch: 5
    Batch: 100000 || Loss 'Supervised_PINNS': 0.00244318391
Loss 'Supervised_PINNS': 0.00277987239
Current Time: 20:21:17

-----------------------------------------------------------------------------
Validation Epoch 5
Loss 'Supervised_PINNS': 0.00397866312
Metric ['MSE', 'RSE', 'RAE', 'RAE_target_0', 'RAE_target_1', 'RAE_target_2', 'RE_RealGasEq', 'RE_CpEq']:
 [0.00537130749 0.0494351834 0.0813002959 0.0702845901 0.14000915 0.0336071588 0.000767392747 0.000690925634]
Current Time: 20:21:22

-----------------------------------------------------------------------------
Training Epoch: 6
    Batch: 100000 || Loss 'Supervised_PINNS': 0.00192790525
Loss 'Supervised_PINNS': 0.00267558312
Current Time: 20:40:01

-----------------------------------------------------------------------------
Validation Epoch 6
Loss 'Supervised_PINNS': 0.00371216307
Metric ['MSE', 'RSE', 'RAE', 'RAE_target_0', 'RAE_target_1', 'RAE_target_2', 'RE_RealGasEq', 'RE_CpEq']:
 [0.00501313526 0.042377606 0.0778883472 0.0687944442 0.132214516 0.0326561 0.000697744079 0.000655379379]
Current Time: 20:40:06

-----------------------------------------------------------------------------
Training Epoch: 7
    Batch: 100000 || Loss 'Supervised_PINNS': 0.000653445779
Loss 'Supervised_PINNS': 0.00261453027
Current Time: 20:58:46

-----------------------------------------------------------------------------
Validation Epoch 7
Loss 'Supervised_PINNS': 0.00359370164
Metric ['MSE', 'RSE', 'RAE', 'RAE_target_0', 'RAE_target_1', 'RAE_target_2', 'RE_RealGasEq', 'RE_CpEq']:
 [0.004836821 0.032392785 0.0754464641 0.0683532953 0.124832295 0.0331538171 0.0007313682 0.000654812728]
Current Time: 20:58:51

-----------------------------------------------------------------------------
Training Epoch: 8
    Batch: 100000 || Loss 'Supervised_PINNS': 0.0020812517
Loss 'Supervised_PINNS': 0.002573153
Current Time: 21:17:36

-----------------------------------------------------------------------------
Validation Epoch 8
Loss 'Supervised_PINNS': 0.00380154885
Metric ['MSE', 'RSE', 'RAE', 'RAE_target_0', 'RAE_target_1', 'RAE_target_2', 'RE_RealGasEq', 'RE_CpEq']:
 [0.00516092265 0.0478251316 0.0792522952 0.0691220537 0.135987863 0.0326469392 0.000612538366 0.000646814355]
Current Time: 21:17:41

-----------------------------------------------------------------------------
Training Epoch: 9
    Batch: 100000 || Loss 'Supervised_PINNS': 0.000810438418
Loss 'Supervised_PINNS': 0.00255095586
Current Time: 21:36:21

-----------------------------------------------------------------------------
Validation Epoch 9
Loss 'Supervised_PINNS': 0.00354493712
Metric ['MSE', 'RSE', 'RAE', 'RAE_target_0', 'RAE_target_1', 'RAE_target_2', 'RE_RealGasEq', 'RE_CpEq']:
 [0.00483550923 0.0379653871 0.075787 0.0675563 0.127562329 0.0322423875 0.000526091 0.000541112153]
Current Time: 21:36:26

-----------------------------------------------------------------------------
Training Epoch: 10
    Batch: 100000 || Loss 'Supervised_PINNS': 0.00101133762
Loss 'Supervised_PINNS': 0.00253159762
Current Time: 21:55:06

-----------------------------------------------------------------------------
Validation Epoch 10
Loss 'Supervised_PINNS': 0.00365751074
Metric ['MSE', 'RSE', 'RAE', 'RAE_target_0', 'RAE_target_1', 'RAE_target_2', 'RE_RealGasEq', 'RE_CpEq']:
 [0.00499733351 0.0425626934 0.0775070563 0.0682384074 0.131916791 0.032365974 0.000533220067 0.000529296056]
Current Time: 21:55:11

-----------------------------------------------------------------------------
Training Epoch: 11
    Batch: 100000 || Loss 'Supervised_PINNS': 0.0013833897
Loss 'Supervised_PINNS': 0.00252569327
Current Time: 22:13:51

-----------------------------------------------------------------------------
Validation Epoch 11
Loss 'Supervised_PINNS': 0.00361175486
Metric ['MSE', 'RSE', 'RAE', 'RAE_target_0', 'RAE_target_1', 'RAE_target_2', 'RE_RealGasEq', 'RE_CpEq']:
 [0.00492419396 0.0412958376 0.0766703412 0.067782037 0.130059 0.032169994 0.000561604742 0.000537189771]
Current Time: 22:13:55

-----------------------------------------------------------------------------
Training Epoch: 12
    Batch: 100000 || Loss 'Supervised_PINNS': 0.00154738803
Loss 'Supervised_PINNS': 0.00252110721
Current Time: 22:32:41

-----------------------------------------------------------------------------
Validation Epoch 12
Loss 'Supervised_PINNS': 0.00363414339
Metric ['MSE', 'RSE', 'RAE', 'RAE_target_0', 'RAE_target_1', 'RAE_target_2', 'RE_RealGasEq', 'RE_CpEq']:
 [0.00497831078 0.0426733941 0.0771609 0.0678740442 0.131365329 0.0322433561 0.000473378925 0.000522127608]
Current Time: 22:32:46

-----------------------------------------------------------------------------
Training Epoch: 13
    Batch: 100000 || Loss 'Supervised_PINNS': 0.00231656036
Loss 'Supervised_PINNS': 0.00251273625
Current Time: 22:51:29

-----------------------------------------------------------------------------
Validation Epoch 13
Loss 'Supervised_PINNS': 0.00360229309
Metric ['MSE', 'RSE', 'RAE', 'RAE_target_0', 'RAE_target_1', 'RAE_target_2', 'RE_RealGasEq', 'RE_CpEq']:
 [0.00493523525 0.0413081236 0.0767428502 0.0677785 0.130252942 0.0321971327 0.00047069462 0.000513493491]
Current Time: 22:51:34

-----------------------------------------------------------------------------
Training Epoch: 14
    Batch: 100000 || Loss 'Supervised_PINNS': 0.00108908501
Loss 'Supervised_PINNS': 0.0025093595
Current Time: 23:10:13

-----------------------------------------------------------------------------
Validation Epoch 14
Loss 'Supervised_PINNS': 0.00362762157
Metric ['MSE', 'RSE', 'RAE', 'RAE_target_0', 'RAE_target_1', 'RAE_target_2', 'RE_RealGasEq', 'RE_CpEq']:
 [0.0049741785 0.0423002541 0.0772418603 0.0680802763 0.131340548 0.0323047675 0.000473784574 0.000497525791]
Current Time: 23:10:18

-----------------------------------------------------------------------------
Training Epoch: 15
    Batch: 100000 || Loss 'Supervised_PINNS': 0.00194898318
Loss 'Supervised_PINNS': 0.00250971201
Current Time: 23:29:04

-----------------------------------------------------------------------------
Validation Epoch 15
Loss 'Supervised_PINNS': 0.00359806372
Metric ['MSE', 'RSE', 'RAE', 'RAE_target_0', 'RAE_target_1', 'RAE_target_2', 'RE_RealGasEq', 'RE_CpEq']:
 [0.00493362918 0.0410758406 0.0767977163 0.0678907 0.130235538 0.0322669148 0.000468992017 0.000494496722]
Current Time: 23:29:09

-----------------------------------------------------------------------------
Training Epoch: 16
    Batch: 100000 || Loss 'Supervised_PINNS': 0.00104798202
Loss 'Supervised_PINNS': 0.00250724703
Current Time: 23:47:58

-----------------------------------------------------------------------------
Validation Epoch 16
Loss 'Supervised_PINNS': 0.00359873963
Metric ['MSE', 'RSE', 'RAE', 'RAE_target_0', 'RAE_target_1', 'RAE_target_2', 'RE_RealGasEq', 'RE_CpEq']:
 [0.00493148621 0.04112662 0.0767831 0.0679138675 0.130199358 0.0322360843 0.00047287473 0.000505121134]
Current Time: 23:48:03

-----------------------------------------------------------------------------
Training Epoch: 17
    Batch: 100000 || Loss 'Supervised_PINNS': 0.00114877638
Loss 'Supervised_PINNS': 0.0025065823
Current Time: 00:06:45

-----------------------------------------------------------------------------
Validation Epoch 17
Loss 'Supervised_PINNS': 0.00360125233
Metric ['MSE', 'RSE', 'RAE', 'RAE_target_0', 'RAE_target_1', 'RAE_target_2', 'RE_RealGasEq', 'RE_CpEq']:
 [0.00493838079 0.0412741266 0.0768461898 0.0679045543 0.130386114 0.0322478823 0.000465502788 0.000497068046]
Current Time: 00:06:50

-----------------------------------------------------------------------------
Training Epoch: 18
    Batch: 100000 || Loss 'Supervised_PINNS': 0.00131753099
Loss 'Supervised_PINNS': 0.00250588637
Current Time: 00:25:35

-----------------------------------------------------------------------------
Validation Epoch 18
Loss 'Supervised_PINNS': 0.00360131613
Metric ['MSE', 'RSE', 'RAE', 'RAE_target_0', 'RAE_target_1', 'RAE_target_2', 'RE_RealGasEq', 'RE_CpEq']:
 [0.0049364916 0.0411798023 0.0768532678 0.0679488853 0.130345732 0.0322651975 0.000470654399 0.000501158705]
Current Time: 00:25:39

-----------------------------------------------------------------------------
Training Epoch: 19
    Batch: 100000 || Loss 'Supervised_PINNS': 0.00109203579
Loss 'Supervised_PINNS': 0.00250537763
Current Time: 00:44:21

Arguments:

ndim: 3

features_idx: [1, 2]

targets_name: ['c_p', 'rho', 'T']

training_filename: ['/home/bsc44/bsc44529/scratch_bsc44529/datasets/post_processed/59300000_5features_4targets/3d_high_pressure_turbulent_channel_flow_53900000.npz']

validation_filename: ['/home/bsc44/bsc44529/scratch_bsc44529/datasets/post_processed/59300000_5features_4targets/3d_high_pressure_turbulent_channel_flow_59300000.npz']

prediction_filename: ['/home/bsc44/bsc44529/scratch_bsc44529/datasets/post_processed/59300000_5features_4targets/3d_high_pressure_turbulent_channel_flow_59300000.npz']

spatial_dimension: [128, 128, 128]

features_limits: {'y': [0.0, 0.0002], 'u': [-0.1, 3.5], 'TKE_normalized': [0.0, 0.2], 'vorticity_magn_normalized': [0.0, 55.0], 'enstrophy_normalized': [0.0, 1400.0]}

targets_limits: {'c_p': [0.0, 4200.0], 'rho': [0.0, 850.0], 'T': [0.0, 200.0]}

learning_rate: 0.001

lr_decay: exp

lr_decay_rate: 0.1

lr_decay_step: 5.0

lr_scheduler_call_frequency: epoch

lr_verbose: 1

early_stopping_min_delta: 1e-05

early_stopping_patience: 5

early_stopping_start_from_epoch: 0

optimizer: Adam

loss: Supervised_PINNS

metrics: ['MSE', 'RSE', 'RAE', 'RAE_target_0', 'RAE_target_1', 'RAE_target_2', 'RE_RealGasEq', 'RE_CpEq']

Supervised_PINNS_weights: [0.7, 0.15, 0.15]

num_hidden_layers: 6

num_neurons_per_layer: 16

activation_function: relu

initializer_type: normal

seed: 4

regularizer_type: L2

regularizer_factor: 0.01

num_epochs: 100

batch_size: 16

batch_size_validation: 2097152

batch_size_prediction: 2097152

num_batches_per_print_information: 100000

make_plots: False

visualization_step: 500

Substance: N2

P_constant: 6791600.0

eps: 1e-05

save_ckpt_freq: 1

ckpt_filename_prediction: checkpoints/checkpoints_6513607/ckpt_E8

T_minus: 123.33293

T_plus: 176.79862

num_features: 2

num_targets: 3


Shape training features: (2097152, 2)
Shape training targets: (2097152, 3)

Features name: ['u', 'TKE_normalized']
Targets name: ['c_p', 'rho', 'T']

Training Number of Batches per Epoch: 131072, with number of samples 2097152 and batch size 16

Min-Max Scaler to feature 'u', from (min, max) = (-0.1000, 3.5000) to (0, 1)
Min-Max after scaling,  training  dataset: (0.0288,0.8573)
Min-Max after scaling, validation dataset: (0.0288,0.9207)

Min-Max Scaler to feature 'TKE_normalized', from (min, max) = (0.0000, 0.2000) to (0, 1)
Min-Max after scaling,  training  dataset: (0.0000,0.9108)
Min-Max after scaling, validation dataset: (0.0000,0.8237)

Min-Max Scaler to target 'c_p', from (min, max) = (0.0000, 4200.0000) to (0, 1)
Min-Max after scaling,  training  dataset: (0.3658,0.9223)
Min-Max after scaling, validation dataset: (0.3653,0.9224)

Min-Max Scaler to target 'rho', from (min, max) = (0.0000, 850.0000) to (0, 1)
Min-Max after scaling,  training  dataset: (0.1741,0.9870)
Min-Max after scaling, validation dataset: (0.1738,0.9870)

Min-Max Scaler to target 'T', from (min, max) = (0.0000, 200.0000) to (0, 1)
Min-Max after scaling,  training  dataset: (0.4736,0.9455)
Min-Max after scaling, validation dataset: (0.4736,0.9464)

Dataset Training: 
<BatchDataset shapes: ((None, 2), (None, 3)), types: (tf.float32, tf.float32)>

Dataset Validation: 
<BatchDataset shapes: ((None, 2), (None, 3)), types: (tf.float32, tf.float32)>
Model: "model"
_________________________________________________________________
Layer (type)                 Output Shape              Param #   
=================================================================
input_1 (InputLayer)         [(None, 2)]               0         
_________________________________________________________________
dense (Dense)                (None, 16)                48        
_________________________________________________________________
dense_1 (Dense)              (None, 16)                272       
_________________________________________________________________
dense_2 (Dense)              (None, 16)                272       
_________________________________________________________________
dense_3 (Dense)              (None, 16)                272       
_________________________________________________________________
dense_4 (Dense)              (None, 16)                272       
_________________________________________________________________
dense_5 (Dense)              (None, 16)                272       
_________________________________________________________________
dense_6 (Dense)              (None, 3)                 51        
=================================================================
Total params: 1,459
Trainable params: 1,459
Non-trainable params: 0
_________________________________________________________________
None
Learning rate scheduler defined. Learning rate will decay exponentially, with:
    initial learning rate: 1.0000e-03
    decay rate: 1.0000e-01
    decay step: 5.0000e+00

Epoch 0: LearningRateScheduler setting learning rate to 0.001.
Checkpoint weights saved in 'checkpoints/ckpt_E0'

Epoch 1: LearningRateScheduler setting learning rate to 0.0006309573444801933.
Checkpoint weights saved in 'checkpoints/ckpt_E1'

Epoch 2: LearningRateScheduler setting learning rate to 0.00039810717055349724.
Checkpoint weights saved in 'checkpoints/ckpt_E2'

Epoch 3: LearningRateScheduler setting learning rate to 0.000251188643150958.
Checkpoint weights saved in 'checkpoints/ckpt_E3'

Epoch 4: LearningRateScheduler setting learning rate to 0.00015848931924611134.
Checkpoint weights saved in 'checkpoints/ckpt_E4'

Epoch 5: LearningRateScheduler setting learning rate to 0.0001.
Checkpoint weights saved in 'checkpoints/ckpt_E5'

Epoch 6: LearningRateScheduler setting learning rate to 6.309573444801933e-05.
Checkpoint weights saved in 'checkpoints/ckpt_E6'

Epoch 7: LearningRateScheduler setting learning rate to 3.9810717055349735e-05.
Checkpoint weights saved in 'checkpoints/ckpt_E7'

Epoch 8: LearningRateScheduler setting learning rate to 2.5118864315095798e-05.
Checkpoint weights saved in 'checkpoints/ckpt_E8'

Epoch 9: LearningRateScheduler setting learning rate to 1.5848931924611134e-05.
Checkpoint weights saved in 'checkpoints/ckpt_E9'

Epoch 10: LearningRateScheduler setting learning rate to 1.0000000000000003e-05.
Checkpoint weights saved in 'checkpoints/ckpt_E10'

Epoch 11: LearningRateScheduler setting learning rate to 6.3095734448019305e-06.
Checkpoint weights saved in 'checkpoints/ckpt_E11'

Epoch 12: LearningRateScheduler setting learning rate to 3.981071705534974e-06.
Checkpoint weights saved in 'checkpoints/ckpt_E12'

Epoch 13: LearningRateScheduler setting learning rate to 2.5118864315095797e-06.
Checkpoint weights saved in 'checkpoints/ckpt_E13'

Epoch 14: LearningRateScheduler setting learning rate to 1.5848931924611143e-06.
Checkpoint weights saved in 'checkpoints/ckpt_E14'

Epoch 15: LearningRateScheduler setting learning rate to 1.0000000000000002e-06.
Checkpoint weights saved in 'checkpoints/ckpt_E15'

Epoch 16: LearningRateScheduler setting learning rate to 6.309573444801931e-07.
Checkpoint weights saved in 'checkpoints/ckpt_E16'

Epoch 17: LearningRateScheduler setting learning rate to 3.981071705534974e-07.
Checkpoint weights saved in 'checkpoints/ckpt_E17'

Epoch 18: LearningRateScheduler setting learning rate to 2.51188643150958e-07.
Checkpoint weights saved in 'checkpoints/ckpt_E18'

Epoch 19: LearningRateScheduler setting learning rate to 1.5848931924611146e-07.
Epoch 20: early stopping
