unload bsc/commands (PATH, MANPATH) 
unload CUDA/9.1 (PATH, MANPATH, LD_LIBRARY_PATH, LIBRARY_PATH, C_INCLUDE_PATH,
CPLUS_INCLUDE_PATH, CUDA_HOME, CUDA_VERSION, CUDA_INC, CUDA_INSTALL_PATH) 
unload OPENMPI/3.0.0 (PATH, MANPATH, LD_LIBRARY_PATH, LIBRARY_PATH,
PKG_CONFIG_PATH, C_INCLUDE_PATH, CPLUS_INCLUDE_PATH, MPI, MPI_V) 
unload GCC/6.4.0 (PATH, MANPATH, INFOPATH, LD_LIBRARY_PATH, LIBRARY_PATH,
C_INCLUDE_PATH, CPLUS_INCLUDE_PATH, STD COMP VARS) 
load GCC/8.3.0 (PATH, MANPATH, INFOPATH, LIBRARY_PATH, LD_LIBRARY_PATH, STD
COMP VARS) 
load CUDA/10.2 (PATH, MANPATH, LD_LIBRARY_PATH, LIBRARY_PATH, C_INCLUDE_PATH,
CPLUS_INCLUDE_PATH, CUDA_HOME, CUDA_VERSION, CUDA_INC, CUDA_INSTALL_PATH) 
load CUDNN/7.6.4 (LD_LIBRARY_PATH, LIBRARY_PATH, C_INCLUDE_PATH,
CPLUS_INCLUDE_PATH, CUDNN_LIB_DIR, CUDNN_LIBRARY, CUDNN_INCLUDE_DIR) 
load NCCL/2.4.8 (LD_LIBRARY_PATH, LIBRARY_PATH, C_INCLUDE_PATH,
CPLUS_INCLUDE_PATH) 
load TENSORRT/6.0.1 (PATH, LD_LIBRARY_PATH, LIBRARY_PATH, C_INCLUDE_PATH,
CPLUS_INCLUDE_PATH) 
load OPENMPI/4.0.1 (PATH, MANPATH, LD_LIBRARY_PATH, LIBRARY_PATH,
PKG_CONFIG_PATH, C_INCLUDE_PATH, CPLUS_INCLUDE_PATH, MPI, MPI_V) 
load ATLAS/3.10.3 (LD_LIBRARY_PATH, LIBRARY_PATH, C_INCLUDE_PATH,
CPLUS_INCLUDE_PATH) 
load SCALAPACK/2.0.2 (LD_LIBRARY_PATH, LIBRARY_PATH, PKG_CONFIG_PATH) 
load FFTW/3.3.8 (PATH, MANPATH, LD_LIBRARY_PATH, LIBRARY_PATH, C_INCLUDE_PATH,
CPLUS_INCLUDE_PATH, PKG_CONFIG_PATH) 
load SZIP/2.1.1 (LD_LIBRARY_PATH, LIBRARY_PATH, C_INCLUDE_PATH,
CPLUS_INCLUDE_PATH) 
load FFMPEG/4.2.1 (PATH, LIBRARY_PATH, PKG_CONFIG_PATH, C_INCLUDE_PATH,
CPLUS_INCLUDE_PATH) 
load OPENCV/4.1.1 (PATH, LD_LIBRARY_PATH, LIBRARY_PATH, C_INCLUDE_PATH,
CPLUS_INCLUDE_PATH, PYTHONPATH) 
load PYTHON/3.7.4_ML (PATH, MANPATH, LD_LIBRARY_PATH, LIBRARY_PATH,
PKG_CONFIG_PATH, C_INCLUDE_PATH, CPLUS_INCLUDE_PATH, PYTHONHOME, PYTHONPATH,
OMPI_MCA_mpi_warn_on_fork, PROTOCOL_BUFFERS_PYTHON_IMPLEMENTATION,
PROTOCOL_BUFFERS_PYTHON_IMPLEMENTATION_VERSION) 
load TENSORFLOW/2.5.0 (PATH, PYTHONPATH) 
unload NCCL/2.4.8 (LD_LIBRARY_PATH, LIBRARY_PATH, C_INCLUDE_PATH,
CPLUS_INCLUDE_PATH) 
load NCCL/2.9.9 (LD_LIBRARY_PATH, LIBRARY_PATH, C_INCLUDE_PATH,
CPLUS_INCLUDE_PATH) 

The following have been reloaded with a version change:
  1) nccl/2.4.8 => nccl/2.9.9


-----------------------------------------------------------------------------
Training Epoch: 0
    Batch: 100000 || Loss 'Supervised_PINNS': 0.00409479253
Loss 'Supervised_PINNS': 0.00618045824
Current Time: 18:49:59

-----------------------------------------------------------------------------
Validation Epoch 0
Loss 'Supervised_PINNS': 0.00774874
Metric ['MSE', 'RSE', 'RAE', 'RAE_target_0', 'RAE_target_1', 'RAE_target_2', 'RE_RealGasEq', 'RE_CpEq']:
 [0.00650614 0.035655994 0.0878972635 0.0745900199 0.1478668 0.0412349664 0.0195379276 0.0183263496]
Current Time: 18:50:06

-----------------------------------------------------------------------------
Training Epoch: 1
    Batch: 100000 || Loss 'Supervised_PINNS': 0.00886780582
Loss 'Supervised_PINNS': 0.00404087454
Current Time: 19:08:44

-----------------------------------------------------------------------------
Validation Epoch 1
Loss 'Supervised_PINNS': 0.00473565422
Metric ['MSE', 'RSE', 'RAE', 'RAE_target_0', 'RAE_target_1', 'RAE_target_2', 'RE_RealGasEq', 'RE_CpEq']:
 [0.00467438065 0.0364658274 0.0746236518 0.0660911128 0.126150876 0.0316289626 0.00629836414 0.00427586678]
Current Time: 19:08:49

-----------------------------------------------------------------------------
Training Epoch: 2
    Batch: 100000 || Loss 'Supervised_PINNS': 0.000894586265
Loss 'Supervised_PINNS': 0.00337653444
Current Time: 19:27:22

-----------------------------------------------------------------------------
Validation Epoch 2
Loss 'Supervised_PINNS': 0.00420770748
Metric ['MSE', 'RSE', 'RAE', 'RAE_target_0', 'RAE_target_1', 'RAE_target_2', 'RE_RealGasEq', 'RE_CpEq']:
 [0.00440402748 0.0338227041 0.0708209649 0.0642045438 0.118658081 0.0296002682 0.00318399677 0.00169765716]
Current Time: 19:27:27

-----------------------------------------------------------------------------
Training Epoch: 3
    Batch: 100000 || Loss 'Supervised_PINNS': 0.00283762044
Loss 'Supervised_PINNS': 0.00313568697
Current Time: 19:46:01

-----------------------------------------------------------------------------
Validation Epoch 3
Loss 'Supervised_PINNS': 0.00433728052
Metric ['MSE', 'RSE', 'RAE', 'RAE_target_0', 'RAE_target_1', 'RAE_target_2', 'RE_RealGasEq', 'RE_CpEq']:
 [0.00462867739 0.0346027426 0.0729600787 0.065520376 0.123266868 0.0300930105 0.00211820984 0.00131120824]
Current Time: 19:46:06

-----------------------------------------------------------------------------
Training Epoch: 4
    Batch: 100000 || Loss 'Supervised_PINNS': 0.00230640802
Loss 'Supervised_PINNS': 0.00302665983
Current Time: 20:04:41

-----------------------------------------------------------------------------
Validation Epoch 4
Loss 'Supervised_PINNS': 0.00434406614
Metric ['MSE', 'RSE', 'RAE', 'RAE_target_0', 'RAE_target_1', 'RAE_target_2', 'RE_RealGasEq', 'RE_CpEq']:
 [0.00471060118 0.0389670245 0.0741447657 0.0657102615 0.126401648 0.0303223822 0.000782899384 0.00130760821]
Current Time: 20:04:46

-----------------------------------------------------------------------------
Training Epoch: 5
    Batch: 100000 || Loss 'Supervised_PINNS': 0.00236444338
Loss 'Supervised_PINNS': 0.00295815617
Current Time: 20:23:22

-----------------------------------------------------------------------------
Validation Epoch 5
Loss 'Supervised_PINNS': 0.00447540125
Metric ['MSE', 'RSE', 'RAE', 'RAE_target_0', 'RAE_target_1', 'RAE_target_2', 'RE_RealGasEq', 'RE_CpEq']:
 [0.00479996484 0.0358057 0.0750711784 0.0674290583 0.126927644 0.0308568701 0.00160524156 0.00150342577]
Current Time: 20:23:27

-----------------------------------------------------------------------------
Training Epoch: 6
    Batch: 100000 || Loss 'Supervised_PINNS': 0.00220364495
Loss 'Supervised_PINNS': 0.00292061246
Current Time: 20:42:04

-----------------------------------------------------------------------------
Validation Epoch 6
Loss 'Supervised_PINNS': 0.00434503146
Metric ['MSE', 'RSE', 'RAE', 'RAE_target_0', 'RAE_target_1', 'RAE_target_2', 'RE_RealGasEq', 'RE_CpEq']:
 [0.00471776165 0.0354021341 0.0739805 0.0670881048 0.124249488 0.0306039341 0.00077110494 0.00120981433]
Current Time: 20:42:09

-----------------------------------------------------------------------------
Training Epoch: 7
    Batch: 100000 || Loss 'Supervised_PINNS': 0.000665685511
Loss 'Supervised_PINNS': 0.00289793499
Current Time: 21:00:46

-----------------------------------------------------------------------------
Validation Epoch 7
Loss 'Supervised_PINNS': 0.00433337223
Metric ['MSE', 'RSE', 'RAE', 'RAE_target_0', 'RAE_target_1', 'RAE_target_2', 'RE_RealGasEq', 'RE_CpEq']:
 [0.00471775 0.0371465571 0.074034147 0.0665822625 0.125130057 0.0303900987 0.000652148621 0.00109579053]
Current Time: 21:00:51

-----------------------------------------------------------------------------
Training Epoch: 8
    Batch: 100000 || Loss 'Supervised_PINNS': 0.00150289945
Loss 'Supervised_PINNS': 0.00287895254
Current Time: 21:19:28

-----------------------------------------------------------------------------
Validation Epoch 8
Loss 'Supervised_PINNS': 0.00419227593
Metric ['MSE', 'RSE', 'RAE', 'RAE_target_0', 'RAE_target_1', 'RAE_target_2', 'RE_RealGasEq', 'RE_CpEq']:
 [0.00456966506 0.0308681894 0.0723820627 0.065943718 0.12077041 0.0304320548 0.000598381506 0.000993160298]
Current Time: 21:19:32

-----------------------------------------------------------------------------
Training Epoch: 9
    Batch: 100000 || Loss 'Supervised_PINNS': 0.000916201447
Loss 'Supervised_PINNS': 0.00287278788
Current Time: 21:38:12

-----------------------------------------------------------------------------
Validation Epoch 9
Loss 'Supervised_PINNS': 0.00419960823
Metric ['MSE', 'RSE', 'RAE', 'RAE_target_0', 'RAE_target_1', 'RAE_target_2', 'RE_RealGasEq', 'RE_CpEq']:
 [0.00457971729 0.0332467295 0.0725389197 0.065614 0.121970609 0.0300321504 0.000584030931 0.000973218412]
Current Time: 21:38:17

-----------------------------------------------------------------------------
Training Epoch: 10
    Batch: 100000 || Loss 'Supervised_PINNS': 0.000977990334
Loss 'Supervised_PINNS': 0.00286617642
Current Time: 21:57:03

-----------------------------------------------------------------------------
Validation Epoch 10
Loss 'Supervised_PINNS': 0.00423950935
Metric ['MSE', 'RSE', 'RAE', 'RAE_target_0', 'RAE_target_1', 'RAE_target_2', 'RE_RealGasEq', 'RE_CpEq']:
 [0.00462281285 0.0328493044 0.0729769692 0.0661116242 0.122549891 0.0302693881 0.000589651 0.00098990032]
Current Time: 21:57:08

-----------------------------------------------------------------------------
Training Epoch: 11
    Batch: 100000 || Loss 'Supervised_PINNS': 0.00129259494
Loss 'Supervised_PINNS': 0.00286209444
Current Time: 22:15:53

-----------------------------------------------------------------------------
Validation Epoch 11
Loss 'Supervised_PINNS': 0.00421470311
Metric ['MSE', 'RSE', 'RAE', 'RAE_target_0', 'RAE_target_1', 'RAE_target_2', 'RE_RealGasEq', 'RE_CpEq']:
 [0.00459493417 0.0338398479 0.0726631582 0.0656441599 0.122318089 0.0300272275 0.000571998535 0.00101324823]
Current Time: 22:15:58

-----------------------------------------------------------------------------
Training Epoch: 12
    Batch: 100000 || Loss 'Supervised_PINNS': 0.00196355814
Loss 'Supervised_PINNS': 0.00285986834
Current Time: 22:34:47

-----------------------------------------------------------------------------
Validation Epoch 12
Loss 'Supervised_PINNS': 0.00420904392
Metric ['MSE', 'RSE', 'RAE', 'RAE_target_0', 'RAE_target_1', 'RAE_target_2', 'RE_RealGasEq', 'RE_CpEq']:
 [0.00459073344 0.0337770171 0.0726866946 0.0657043681 0.122323267 0.0300324149 0.000555909 0.000991776586]
Current Time: 22:34:52

-----------------------------------------------------------------------------
Training Epoch: 13
    Batch: 100000 || Loss 'Supervised_PINNS': 0.00276856148
Loss 'Supervised_PINNS': 0.00285800872
Current Time: 22:53:40

-----------------------------------------------------------------------------
Validation Epoch 13
Loss 'Supervised_PINNS': 0.00422738446
Metric ['MSE', 'RSE', 'RAE', 'RAE_target_0', 'RAE_target_1', 'RAE_target_2', 'RE_RealGasEq', 'RE_CpEq']:
 [0.00461113267 0.033782348 0.0729589388 0.065950416 0.122775458 0.0301509425 0.000577408355 0.000969885848]
Current Time: 22:53:46

-----------------------------------------------------------------------------
Training Epoch: 14
    Batch: 100000 || Loss 'Supervised_PINNS': 0.0013494743
Loss 'Supervised_PINNS': 0.00285722688
Current Time: 23:12:33

-----------------------------------------------------------------------------
Validation Epoch 14
Loss 'Supervised_PINNS': 0.00421830453
Metric ['MSE', 'RSE', 'RAE', 'RAE_target_0', 'RAE_target_1', 'RAE_target_2', 'RE_RealGasEq', 'RE_CpEq']:
 [0.00460297 0.0334664732 0.0728600323 0.0659144372 0.122508548 0.0301571153 0.000546252122 0.000966390071]
Current Time: 23:12:38

-----------------------------------------------------------------------------
Training Epoch: 15
    Batch: 100000 || Loss 'Supervised_PINNS': 0.00257366686
Loss 'Supervised_PINNS': 0.00285584317
Current Time: 23:31:19

-----------------------------------------------------------------------------
Validation Epoch 15
Loss 'Supervised_PINNS': 0.00421539554
Metric ['MSE', 'RSE', 'RAE', 'RAE_target_0', 'RAE_target_1', 'RAE_target_2', 'RE_RealGasEq', 'RE_CpEq']:
 [0.00459926529 0.0333384313 0.0727766752 0.065851517 0.122341223 0.0301372781 0.000544086914 0.00097704865]
Current Time: 23:31:23

-----------------------------------------------------------------------------
Training Epoch: 16
    Batch: 100000 || Loss 'Supervised_PINNS': 0.00126049167
Loss 'Supervised_PINNS': 0.0028556434
Current Time: 23:50:03

-----------------------------------------------------------------------------
Validation Epoch 16
Loss 'Supervised_PINNS': 0.00421581604
Metric ['MSE', 'RSE', 'RAE', 'RAE_target_0', 'RAE_target_1', 'RAE_target_2', 'RE_RealGasEq', 'RE_CpEq']:
 [0.00460007088 0.0336376913 0.0727479532 0.0657864586 0.12238016 0.0300772451 0.000547561911 0.000967489963]
Current Time: 23:50:08

-----------------------------------------------------------------------------
Training Epoch: 17
    Batch: 100000 || Loss 'Supervised_PINNS': 0.00138568378
Loss 'Supervised_PINNS': 0.00285561034
Current Time: 00:08:56

-----------------------------------------------------------------------------
Validation Epoch 17
Loss 'Supervised_PINNS': 0.00422139745
Metric ['MSE', 'RSE', 'RAE', 'RAE_target_0', 'RAE_target_1', 'RAE_target_2', 'RE_RealGasEq', 'RE_CpEq']:
 [0.00460641924 0.0335525349 0.072868295 0.065926604 0.122532442 0.0301458463 0.000545994437 0.000966406136]
Current Time: 00:09:01

-----------------------------------------------------------------------------
Training Epoch: 18
    Batch: 100000 || Loss 'Supervised_PINNS': 0.00164275907
Loss 'Supervised_PINNS': 0.00285528018
Current Time: 00:27:42

-----------------------------------------------------------------------------
Validation Epoch 18
Loss 'Supervised_PINNS': 0.0042177
Metric ['MSE', 'RSE', 'RAE', 'RAE_target_0', 'RAE_target_1', 'RAE_target_2', 'RE_RealGasEq', 'RE_CpEq']:
 [0.00460244762 0.0333706774 0.0728380606 0.0659214258 0.122433923 0.0301588345 0.000543394301 0.000966546708]
Current Time: 00:27:47

-----------------------------------------------------------------------------
Training Epoch: 19
    Batch: 100000 || Loss 'Supervised_PINNS': 0.00263003656
Loss 'Supervised_PINNS': 0.00285523245
Current Time: 00:46:35

-----------------------------------------------------------------------------
Validation Epoch 19
Loss 'Supervised_PINNS': 0.00422071246
Metric ['MSE', 'RSE', 'RAE', 'RAE_target_0', 'RAE_target_1', 'RAE_target_2', 'RE_RealGasEq', 'RE_CpEq']:
 [0.00460576359 0.0334554948 0.0728957132 0.0659852922 0.122524992 0.0301768519 0.000543752569 0.00096675253]
Current Time: 00:46:40

-----------------------------------------------------------------------------
Training Epoch: 20
    Batch: 100000 || Loss 'Supervised_PINNS': 0.00377726136
Loss 'Supervised_PINNS': 0.00285512838
Current Time: 01:05:20

Arguments:

ndim: 3

features_idx: [1, 2]

targets_name: ['c_p', 'rho', 'T']

training_filename: ['/home/bsc44/bsc44529/scratch_bsc44529/datasets/post_processed/59300000_5features_4targets/3d_high_pressure_turbulent_channel_flow_53900000.npz']

validation_filename: ['/home/bsc44/bsc44529/scratch_bsc44529/datasets/post_processed/59300000_5features_4targets/3d_high_pressure_turbulent_channel_flow_59300000.npz']

prediction_filename: ['/home/bsc44/bsc44529/scratch_bsc44529/datasets/post_processed/59300000_5features_4targets/3d_high_pressure_turbulent_channel_flow_59300000.npz']

spatial_dimension: [128, 128, 128]

features_limits: {'y': [0.0, 0.0002], 'u': [-0.1, 3.5], 'TKE_normalized': [0.0, 0.2], 'vorticity_magn_normalized': [0.0, 55.0], 'enstrophy_normalized': [0.0, 1400.0]}

targets_limits: {'c_p': [0.0, 4200.0], 'rho': [0.0, 850.0], 'T': [0.0, 200.0]}

learning_rate: 0.001

lr_decay: exp

lr_decay_rate: 0.1

lr_decay_step: 5.0

lr_scheduler_call_frequency: epoch

lr_verbose: 1

early_stopping_min_delta: 1e-05

early_stopping_patience: 5

early_stopping_start_from_epoch: 0

optimizer: Adam

loss: Supervised_PINNS

metrics: ['MSE', 'RSE', 'RAE', 'RAE_target_0', 'RAE_target_1', 'RAE_target_2', 'RE_RealGasEq', 'RE_CpEq']

Supervised_PINNS_weights: [0.9, 0.05, 0.05]

num_hidden_layers: 6

num_neurons_per_layer: 16

activation_function: relu

initializer_type: normal

seed: 4

regularizer_type: L2

regularizer_factor: 0.01

num_epochs: 100

batch_size: 16

batch_size_validation: 2097152

batch_size_prediction: 2097152

num_batches_per_print_information: 100000

make_plots: False

visualization_step: 500

Substance: N2

P_constant: 6791600.0

eps: 1e-05

save_ckpt_freq: 1

ckpt_filename_prediction: checkpoints/checkpoints_6513607/ckpt_E8

T_minus: 123.33293

T_plus: 176.79862

num_features: 2

num_targets: 3


Shape training features: (2097152, 2)
Shape training targets: (2097152, 3)

Features name: ['u', 'TKE_normalized']
Targets name: ['c_p', 'rho', 'T']

Training Number of Batches per Epoch: 131072, with number of samples 2097152 and batch size 16

Min-Max Scaler to feature 'u', from (min, max) = (-0.1000, 3.5000) to (0, 1)
Min-Max after scaling,  training  dataset: (0.0288,0.8573)
Min-Max after scaling, validation dataset: (0.0288,0.9207)

Min-Max Scaler to feature 'TKE_normalized', from (min, max) = (0.0000, 0.2000) to (0, 1)
Min-Max after scaling,  training  dataset: (0.0000,0.9108)
Min-Max after scaling, validation dataset: (0.0000,0.8237)

Min-Max Scaler to target 'c_p', from (min, max) = (0.0000, 4200.0000) to (0, 1)
Min-Max after scaling,  training  dataset: (0.3658,0.9223)
Min-Max after scaling, validation dataset: (0.3653,0.9224)

Min-Max Scaler to target 'rho', from (min, max) = (0.0000, 850.0000) to (0, 1)
Min-Max after scaling,  training  dataset: (0.1741,0.9870)
Min-Max after scaling, validation dataset: (0.1738,0.9870)

Min-Max Scaler to target 'T', from (min, max) = (0.0000, 200.0000) to (0, 1)
Min-Max after scaling,  training  dataset: (0.4736,0.9455)
Min-Max after scaling, validation dataset: (0.4736,0.9464)

Dataset Training: 
<BatchDataset shapes: ((None, 2), (None, 3)), types: (tf.float32, tf.float32)>

Dataset Validation: 
<BatchDataset shapes: ((None, 2), (None, 3)), types: (tf.float32, tf.float32)>
Model: "model"
_________________________________________________________________
Layer (type)                 Output Shape              Param #   
=================================================================
input_1 (InputLayer)         [(None, 2)]               0         
_________________________________________________________________
dense (Dense)                (None, 16)                48        
_________________________________________________________________
dense_1 (Dense)              (None, 16)                272       
_________________________________________________________________
dense_2 (Dense)              (None, 16)                272       
_________________________________________________________________
dense_3 (Dense)              (None, 16)                272       
_________________________________________________________________
dense_4 (Dense)              (None, 16)                272       
_________________________________________________________________
dense_5 (Dense)              (None, 16)                272       
_________________________________________________________________
dense_6 (Dense)              (None, 3)                 51        
=================================================================
Total params: 1,459
Trainable params: 1,459
Non-trainable params: 0
_________________________________________________________________
None
Learning rate scheduler defined. Learning rate will decay exponentially, with:
    initial learning rate: 1.0000e-03
    decay rate: 1.0000e-01
    decay step: 5.0000e+00

Epoch 0: LearningRateScheduler setting learning rate to 0.001.
Checkpoint weights saved in 'checkpoints/ckpt_E0'

Epoch 1: LearningRateScheduler setting learning rate to 0.0006309573444801933.
Checkpoint weights saved in 'checkpoints/ckpt_E1'

Epoch 2: LearningRateScheduler setting learning rate to 0.00039810717055349724.
Checkpoint weights saved in 'checkpoints/ckpt_E2'

Epoch 3: LearningRateScheduler setting learning rate to 0.000251188643150958.
Checkpoint weights saved in 'checkpoints/ckpt_E3'

Epoch 4: LearningRateScheduler setting learning rate to 0.00015848931924611134.
Checkpoint weights saved in 'checkpoints/ckpt_E4'

Epoch 5: LearningRateScheduler setting learning rate to 0.0001.
Checkpoint weights saved in 'checkpoints/ckpt_E5'

Epoch 6: LearningRateScheduler setting learning rate to 6.309573444801933e-05.
Checkpoint weights saved in 'checkpoints/ckpt_E6'

Epoch 7: LearningRateScheduler setting learning rate to 3.9810717055349735e-05.
Checkpoint weights saved in 'checkpoints/ckpt_E7'

Epoch 8: LearningRateScheduler setting learning rate to 2.5118864315095798e-05.
Checkpoint weights saved in 'checkpoints/ckpt_E8'

Epoch 9: LearningRateScheduler setting learning rate to 1.5848931924611134e-05.
Checkpoint weights saved in 'checkpoints/ckpt_E9'

Epoch 10: LearningRateScheduler setting learning rate to 1.0000000000000003e-05.
Checkpoint weights saved in 'checkpoints/ckpt_E10'

Epoch 11: LearningRateScheduler setting learning rate to 6.3095734448019305e-06.
Checkpoint weights saved in 'checkpoints/ckpt_E11'

Epoch 12: LearningRateScheduler setting learning rate to 3.981071705534974e-06.
Checkpoint weights saved in 'checkpoints/ckpt_E12'

Epoch 13: LearningRateScheduler setting learning rate to 2.5118864315095797e-06.
Checkpoint weights saved in 'checkpoints/ckpt_E13'

Epoch 14: LearningRateScheduler setting learning rate to 1.5848931924611143e-06.
Checkpoint weights saved in 'checkpoints/ckpt_E14'

Epoch 15: LearningRateScheduler setting learning rate to 1.0000000000000002e-06.
Checkpoint weights saved in 'checkpoints/ckpt_E15'

Epoch 16: LearningRateScheduler setting learning rate to 6.309573444801931e-07.
Checkpoint weights saved in 'checkpoints/ckpt_E16'

Epoch 17: LearningRateScheduler setting learning rate to 3.981071705534974e-07.
Checkpoint weights saved in 'checkpoints/ckpt_E17'

Epoch 18: LearningRateScheduler setting learning rate to 2.51188643150958e-07.
Checkpoint weights saved in 'checkpoints/ckpt_E18'

Epoch 19: LearningRateScheduler setting learning rate to 1.5848931924611146e-07.
Checkpoint weights saved in 'checkpoints/ckpt_E19'

Epoch 20: LearningRateScheduler setting learning rate to 1.0000000000000002e-07.
Epoch 21: early stopping
