unload PYTHON/3.7.4_ML (PATH, MANPATH, LD_LIBRARY_PATH, LIBRARY_PATH,
PKG_CONFIG_PATH, C_INCLUDE_PATH, CPLUS_INCLUDE_PATH, PYTHONHOME, PYTHONPATH,
OMPI_MCA_mpi_warn_on_fork, PROTOCOL_BUFFERS_PYTHON_IMPLEMENTATION,
PROTOCOL_BUFFERS_PYTHON_IMPLEMENTATION_VERSION) 
unload OPENCV/4.1.1 (PATH, LD_LIBRARY_PATH, LIBRARY_PATH, C_INCLUDE_PATH,
CPLUS_INCLUDE_PATH, PYTHONPATH) 
unload FFMPEG/4.2.1 (PATH, LIBRARY_PATH, PKG_CONFIG_PATH, C_INCLUDE_PATH,
CPLUS_INCLUDE_PATH) 
unload SZIP/2.1.1 (LD_LIBRARY_PATH, LIBRARY_PATH, C_INCLUDE_PATH,
CPLUS_INCLUDE_PATH) 
unload FFTW/3.3.8 (PATH, MANPATH, LD_LIBRARY_PATH, LIBRARY_PATH,
C_INCLUDE_PATH, CPLUS_INCLUDE_PATH, PKG_CONFIG_PATH) 
unload SCALAPACK/2.0.2 (LD_LIBRARY_PATH, LIBRARY_PATH, PKG_CONFIG_PATH) 
unload ATLAS/3.10.3 (LD_LIBRARY_PATH, LIBRARY_PATH, C_INCLUDE_PATH,
CPLUS_INCLUDE_PATH) 
unload OPENMPI/4.0.1 (PATH, MANPATH, LD_LIBRARY_PATH, LIBRARY_PATH,
PKG_CONFIG_PATH, C_INCLUDE_PATH, CPLUS_INCLUDE_PATH, MPI, MPI_V) 
unload TENSORRT/6.0.1 (PATH, LD_LIBRARY_PATH, LIBRARY_PATH, C_INCLUDE_PATH,
CPLUS_INCLUDE_PATH) 
unload NCCL/2.4.8 (LD_LIBRARY_PATH, LIBRARY_PATH, C_INCLUDE_PATH,
CPLUS_INCLUDE_PATH) 
unload CUDNN/7.6.4 (LD_LIBRARY_PATH, LIBRARY_PATH, C_INCLUDE_PATH,
CPLUS_INCLUDE_PATH, CUDNN_LIB_DIR, CUDNN_LIBRARY, CUDNN_INCLUDE_DIR) 
unload CUDA/10.2 (PATH, MANPATH, LD_LIBRARY_PATH, LIBRARY_PATH, C_INCLUDE_PATH,
CPLUS_INCLUDE_PATH, CUDA_HOME, CUDA_VERSION, CUDA_INC, CUDA_INSTALL_PATH) 
unload GCC/8.3.0 (PATH, MANPATH, INFOPATH, LIBRARY_PATH, LD_LIBRARY_PATH, STD
COMP VARS) 
load GCC/8.3.0 (PATH, MANPATH, INFOPATH, LIBRARY_PATH, LD_LIBRARY_PATH, STD
COMP VARS) 
load CUDA/10.2 (PATH, MANPATH, LD_LIBRARY_PATH, LIBRARY_PATH, C_INCLUDE_PATH,
CPLUS_INCLUDE_PATH, CUDA_HOME, CUDA_VERSION, CUDA_INC, CUDA_INSTALL_PATH) 
load CUDNN/7.6.4 (LD_LIBRARY_PATH, LIBRARY_PATH, C_INCLUDE_PATH,
CPLUS_INCLUDE_PATH, CUDNN_LIB_DIR, CUDNN_LIBRARY, CUDNN_INCLUDE_DIR) 
load NCCL/2.4.8 (LD_LIBRARY_PATH, LIBRARY_PATH, C_INCLUDE_PATH,
CPLUS_INCLUDE_PATH) 
load TENSORRT/6.0.1 (PATH, LD_LIBRARY_PATH, LIBRARY_PATH, C_INCLUDE_PATH,
CPLUS_INCLUDE_PATH) 
load OPENMPI/4.0.1 (PATH, MANPATH, LD_LIBRARY_PATH, LIBRARY_PATH,
PKG_CONFIG_PATH, C_INCLUDE_PATH, CPLUS_INCLUDE_PATH, MPI, MPI_V) 
load ATLAS/3.10.3 (LD_LIBRARY_PATH, LIBRARY_PATH, C_INCLUDE_PATH,
CPLUS_INCLUDE_PATH) 
load SCALAPACK/2.0.2 (LD_LIBRARY_PATH, LIBRARY_PATH, PKG_CONFIG_PATH) 
load FFTW/3.3.8 (PATH, MANPATH, LD_LIBRARY_PATH, LIBRARY_PATH, C_INCLUDE_PATH,
CPLUS_INCLUDE_PATH, PKG_CONFIG_PATH) 
load SZIP/2.1.1 (LD_LIBRARY_PATH, LIBRARY_PATH, C_INCLUDE_PATH,
CPLUS_INCLUDE_PATH) 
load FFMPEG/4.2.1 (PATH, LIBRARY_PATH, PKG_CONFIG_PATH, C_INCLUDE_PATH,
CPLUS_INCLUDE_PATH) 
load OPENCV/4.1.1 (PATH, LD_LIBRARY_PATH, LIBRARY_PATH, C_INCLUDE_PATH,
CPLUS_INCLUDE_PATH, PYTHONPATH) 
load PYTHON/3.7.4_ML (PATH, MANPATH, LD_LIBRARY_PATH, LIBRARY_PATH,
PKG_CONFIG_PATH, C_INCLUDE_PATH, CPLUS_INCLUDE_PATH, PYTHONHOME, PYTHONPATH,
OMPI_MCA_mpi_warn_on_fork, PROTOCOL_BUFFERS_PYTHON_IMPLEMENTATION,
PROTOCOL_BUFFERS_PYTHON_IMPLEMENTATION_VERSION) 
load TENSORFLOW/2.5.0 (PATH, PYTHONPATH) 
unload NCCL/2.4.8 (LD_LIBRARY_PATH, LIBRARY_PATH, C_INCLUDE_PATH,
CPLUS_INCLUDE_PATH) 
load NCCL/2.9.9 (LD_LIBRARY_PATH, LIBRARY_PATH, C_INCLUDE_PATH,
CPLUS_INCLUDE_PATH) 

The following have been reloaded with a version change:
  1) nccl/2.4.8 => nccl/2.9.9


-----------------------------------------------------------------------------
Training Epoch: 0
Supervised PINNS Loss weights are set to: [0.34, 0.33, 0.33]
    Batch: 100000 || Loss 'Supervised_PINNS': 0.00828784425
Loss 'Supervised_PINNS': 0.0137197599
Current Time: 19:14:15

-----------------------------------------------------------------------------
Validation Epoch 0
Loss 'Supervised_PINNS': 0.00794167
Metric ['MSE', 'RSE', 'RAE', 'RAE_target_0', 'RAE_target_1', 'RAE_target_2', 'RE_RealGasEq', 'RE_CpEq']:
 [0.00782625563 0.0805488601 0.106003933 0.0991235748 0.168838322 0.0500499 0.00841635559 0.00758589664]
Current Time: 19:14:22

-----------------------------------------------------------------------------
Training Epoch: 1
Supervised PINNS Loss weights are set to: [0.34, 0.33, 0.33]
    Batch: 100000 || Loss 'Supervised_PINNS': 0.00838593394
Loss 'Supervised_PINNS': 0.00518489303
Current Time: 19:33:06

-----------------------------------------------------------------------------
Validation Epoch 1
Loss 'Supervised_PINNS': 0.00633135
Metric ['MSE', 'RSE', 'RAE', 'RAE_target_0', 'RAE_target_1', 'RAE_target_2', 'RE_RealGasEq', 'RE_CpEq']:
 [0.00737806177 0.0671771467 0.107359402 0.0925778449 0.179634929 0.0498654433 0.00583749 0.00574677903]
Current Time: 19:33:11

-----------------------------------------------------------------------------
Training Epoch: 2
    Batch: 100000 || Loss 'Supervised_PINNS': 0.0021403837
Loss 'Supervised_PINNS': 0.00380290765
Current Time: 19:51:57

-----------------------------------------------------------------------------
Validation Epoch 2
Loss 'Supervised_PINNS': 0.00339538464
Metric ['MSE', 'RSE', 'RAE', 'RAE_target_0', 'RAE_target_1', 'RAE_target_2', 'RE_RealGasEq', 'RE_CpEq']:
 [0.00763417361 0.0778222457 0.111184724 0.09562096 0.187887087 0.0500461236 0.00146629987 0.000957232551]
Current Time: 19:52:02

-----------------------------------------------------------------------------
Training Epoch: 3
    Batch: 100000 || Loss 'Supervised_PINNS': 0.0018966652
Loss 'Supervised_PINNS': 0.00298937736
Current Time: 20:10:43

-----------------------------------------------------------------------------
Validation Epoch 3
Loss 'Supervised_PINNS': 0.0035560308
Metric ['MSE', 'RSE', 'RAE', 'RAE_target_0', 'RAE_target_1', 'RAE_target_2', 'RE_RealGasEq', 'RE_CpEq']:
 [0.00741466694 0.0868683457 0.103813253 0.0863093063 0.179839611 0.0452908352 0.00192801072 0.00120848604]
Current Time: 20:10:48

-----------------------------------------------------------------------------
Training Epoch: 4
    Batch: 100000 || Loss 'Supervised_PINNS': 0.00629642094
Loss 'Supervised_PINNS': 0.00259268214
Current Time: 20:29:34

-----------------------------------------------------------------------------
Validation Epoch 4
Loss 'Supervised_PINNS': 0.00357395294
Metric ['MSE', 'RSE', 'RAE', 'RAE_target_0', 'RAE_target_1', 'RAE_target_2', 'RE_RealGasEq', 'RE_CpEq']:
 [0.00783063 0.0308702439 0.0882383958 0.0773398131 0.139195755 0.0481796414 0.0015868668 0.00117537193]
Current Time: 20:29:39

-----------------------------------------------------------------------------
Training Epoch: 5
    Batch: 100000 || Loss 'Supervised_PINNS': 0.00166851771
Loss 'Supervised_PINNS': 0.0023712893
Current Time: 20:48:19

-----------------------------------------------------------------------------
Validation Epoch 5
Loss 'Supervised_PINNS': 0.00281023141
Metric ['MSE', 'RSE', 'RAE', 'RAE_target_0', 'RAE_target_1', 'RAE_target_2', 'RE_RealGasEq', 'RE_CpEq']:
 [0.00697452808 0.0693482 0.100191891 0.0843228921 0.172752678 0.0435000919 0.000853077741 0.000476896297]
Current Time: 20:48:24

-----------------------------------------------------------------------------
Training Epoch: 6
    Batch: 100000 || Loss 'Supervised_PINNS': 0.00114686356
Loss 'Supervised_PINNS': 0.00216441532
Current Time: 21:07:03

-----------------------------------------------------------------------------
Validation Epoch 6
Loss 'Supervised_PINNS': 0.00248071738
Metric ['MSE', 'RSE', 'RAE', 'RAE_target_0', 'RAE_target_1', 'RAE_target_2', 'RE_RealGasEq', 'RE_CpEq']:
 [0.00627848087 0.0661951303 0.0922017172 0.0764272436 0.159614518 0.0405634046 0.000559646171 0.000488941732]
Current Time: 21:07:08

-----------------------------------------------------------------------------
Training Epoch: 7
    Batch: 100000 || Loss 'Supervised_PINNS': 0.000520273636
Loss 'Supervised_PINNS': 0.0020100465
Current Time: 21:25:47

-----------------------------------------------------------------------------
Validation Epoch 7
Loss 'Supervised_PINNS': 0.00248902291
Metric ['MSE', 'RSE', 'RAE', 'RAE_target_0', 'RAE_target_1', 'RAE_target_2', 'RE_RealGasEq', 'RE_CpEq']:
 [0.00633687293 0.0645340085 0.0935263112 0.0799922794 0.159475461 0.0411112234 0.000560825225 0.000452768872]
Current Time: 21:25:52

-----------------------------------------------------------------------------
Training Epoch: 8
    Batch: 100000 || Loss 'Supervised_PINNS': 0.00509224553
Loss 'Supervised_PINNS': 0.00194479991
Current Time: 21:44:32

-----------------------------------------------------------------------------
Validation Epoch 8
Loss 'Supervised_PINNS': 0.00247600419
Metric ['MSE', 'RSE', 'RAE', 'RAE_target_0', 'RAE_target_1', 'RAE_target_2', 'RE_RealGasEq', 'RE_CpEq']:
 [0.00645472901 0.0673469901 0.094583191 0.0795425847 0.163159922 0.0410470888 0.000491253508 0.00036146224]
Current Time: 21:44:37

-----------------------------------------------------------------------------
Training Epoch: 9
    Batch: 100000 || Loss 'Supervised_PINNS': 0.000935836695
Loss 'Supervised_PINNS': 0.00191825244
Current Time: 22:03:23

-----------------------------------------------------------------------------
Validation Epoch 9
Loss 'Supervised_PINNS': 0.00242060795
Metric ['MSE', 'RSE', 'RAE', 'RAE_target_0', 'RAE_target_1', 'RAE_target_2', 'RE_RealGasEq', 'RE_CpEq']:
 [0.00629440136 0.0592464395 0.0921526775 0.0796041265 0.156163707 0.0406902097 0.00049927138 0.000350763701]
Current Time: 22:03:28

-----------------------------------------------------------------------------
Training Epoch: 10
    Batch: 100000 || Loss 'Supervised_PINNS': 0.000781073468
Loss 'Supervised_PINNS': 0.00189314841
Current Time: 22:22:22

-----------------------------------------------------------------------------
Validation Epoch 10
Loss 'Supervised_PINNS': 0.00245516887
Metric ['MSE', 'RSE', 'RAE', 'RAE_target_0', 'RAE_target_1', 'RAE_target_2', 'RE_RealGasEq', 'RE_CpEq']:
 [0.0065211379 0.0694301501 0.0953875184 0.0787491873 0.166350663 0.0410627127 0.000418145966 0.000303010049]
Current Time: 22:22:27

-----------------------------------------------------------------------------
Training Epoch: 11
    Batch: 100000 || Loss 'Supervised_PINNS': 0.000935278891
Loss 'Supervised_PINNS': 0.00189663295
Current Time: 22:41:07

-----------------------------------------------------------------------------
Validation Epoch 11
Loss 'Supervised_PINNS': 0.00248212134
Metric ['MSE', 'RSE', 'RAE', 'RAE_target_0', 'RAE_target_1', 'RAE_target_2', 'RE_RealGasEq', 'RE_CpEq']:
 [0.00657943264 0.073180683 0.0953857824 0.0775898397 0.16775468 0.0408128388 0.000387380802 0.000355389901]
Current Time: 22:41:12

-----------------------------------------------------------------------------
Training Epoch: 12
    Batch: 100000 || Loss 'Supervised_PINNS': 0.000837773492
Loss 'Supervised_PINNS': 0.00188521552
Current Time: 23:00:05

-----------------------------------------------------------------------------
Validation Epoch 12
Loss 'Supervised_PINNS': 0.00241550477
Metric ['MSE', 'RSE', 'RAE', 'RAE_target_0', 'RAE_target_1', 'RAE_target_2', 'RE_RealGasEq', 'RE_CpEq']:
 [0.00641842233 0.0693602934 0.0938419327 0.0772232264 0.16385515 0.0404474288 0.000402319798 0.000304471032]
Current Time: 23:00:10

-----------------------------------------------------------------------------
Training Epoch: 13
    Batch: 100000 || Loss 'Supervised_PINNS': 0.00119092432
Loss 'Supervised_PINNS': 0.00187130703
Current Time: 23:18:53

-----------------------------------------------------------------------------
Validation Epoch 13
Loss 'Supervised_PINNS': 0.00239769067
Metric ['MSE', 'RSE', 'RAE', 'RAE_target_0', 'RAE_target_1', 'RAE_target_2', 'RE_RealGasEq', 'RE_CpEq']:
 [0.00639241934 0.0677096397 0.0938364 0.0776782334 0.163302362 0.0405286 0.000380816782 0.000298782805]
Current Time: 23:18:58

-----------------------------------------------------------------------------
Training Epoch: 14
    Batch: 100000 || Loss 'Supervised_PINNS': 0.000751296815
Loss 'Supervised_PINNS': 0.00186220859
Current Time: 23:37:53

-----------------------------------------------------------------------------
Validation Epoch 14
Loss 'Supervised_PINNS': 0.00239346153
Metric ['MSE', 'RSE', 'RAE', 'RAE_target_0', 'RAE_target_1', 'RAE_target_2', 'RE_RealGasEq', 'RE_CpEq']:
 [0.00637896173 0.0673853457 0.0936996341 0.0776666254 0.162907764 0.0405244976 0.000379685429 0.000300964864]
Current Time: 23:37:58

-----------------------------------------------------------------------------
Training Epoch: 15
    Batch: 100000 || Loss 'Supervised_PINNS': 0.00120114931
Loss 'Supervised_PINNS': 0.00185736699
Current Time: 23:56:55

-----------------------------------------------------------------------------
Validation Epoch 15
Loss 'Supervised_PINNS': 0.00238399208
Metric ['MSE', 'RSE', 'RAE', 'RAE_target_0', 'RAE_target_1', 'RAE_target_2', 'RE_RealGasEq', 'RE_CpEq']:
 [0.00636709807 0.0674909949 0.0934862494 0.0773818046 0.162662446 0.0404145122 0.000371335627 0.000292841811]
Current Time: 23:56:59

-----------------------------------------------------------------------------
Training Epoch: 16
    Batch: 100000 || Loss 'Supervised_PINNS': 0.000782341231
Loss 'Supervised_PINNS': 0.00185543974
Current Time: 00:15:47

-----------------------------------------------------------------------------
Validation Epoch 16
Loss 'Supervised_PINNS': 0.0023903586
Metric ['MSE', 'RSE', 'RAE', 'RAE_target_0', 'RAE_target_1', 'RAE_target_2', 'RE_RealGasEq', 'RE_CpEq']:
 [0.00638785353 0.0683203563 0.0936439112 0.0772747397 0.163228318 0.0404287055 0.000369350484 0.000292735]
Current Time: 00:15:52

-----------------------------------------------------------------------------
Training Epoch: 17
    Batch: 100000 || Loss 'Supervised_PINNS': 0.000752564345
Loss 'Supervised_PINNS': 0.00185187475
Current Time: 00:34:40

-----------------------------------------------------------------------------
Validation Epoch 17
Loss 'Supervised_PINNS': 0.00237970846
Metric ['MSE', 'RSE', 'RAE', 'RAE_target_0', 'RAE_target_1', 'RAE_target_2', 'RE_RealGasEq', 'RE_CpEq']:
 [0.00635963818 0.067277424 0.0934022442 0.0774343312 0.16238229 0.0403900929 0.000371278729 0.000287603354]
Current Time: 00:34:45

-----------------------------------------------------------------------------
Training Epoch: 18
    Batch: 100000 || Loss 'Supervised_PINNS': 0.000957790529
Loss 'Supervised_PINNS': 0.00184855959
Current Time: 00:53:38

-----------------------------------------------------------------------------
Validation Epoch 18
Loss 'Supervised_PINNS': 0.002379413
Metric ['MSE', 'RSE', 'RAE', 'RAE_target_0', 'RAE_target_1', 'RAE_target_2', 'RE_RealGasEq', 'RE_CpEq']:
 [0.00636325963 0.0674127117 0.0934252068 0.0774309039 0.162457079 0.0403876416 0.000370974536 0.00028328225]
Current Time: 00:53:42

-----------------------------------------------------------------------------
Training Epoch: 19
    Batch: 100000 || Loss 'Supervised_PINNS': 0.000960482575
Loss 'Supervised_PINNS': 0.0018475065
Current Time: 01:12:36

-----------------------------------------------------------------------------
Validation Epoch 19
Loss 'Supervised_PINNS': 0.00237741438
Metric ['MSE', 'RSE', 'RAE', 'RAE_target_0', 'RAE_target_1', 'RAE_target_2', 'RE_RealGasEq', 'RE_CpEq']:
 [0.00635543466 0.0671802238 0.0933615342 0.0774610341 0.162248015 0.0403755605 0.000372322567 0.000283939909]
Current Time: 01:12:41

-----------------------------------------------------------------------------
Training Epoch: 20
    Batch: 100000 || Loss 'Supervised_PINNS': 0.00158001634
Loss 'Supervised_PINNS': 0.00184667902
Current Time: 01:31:33

-----------------------------------------------------------------------------
Validation Epoch 20
Loss 'Supervised_PINNS': 0.00237795454
Metric ['MSE', 'RSE', 'RAE', 'RAE_target_0', 'RAE_target_1', 'RAE_target_2', 'RE_RealGasEq', 'RE_CpEq']:
 [0.00635616062 0.0672289 0.0933618471 0.0774519295 0.162265152 0.0403684601 0.000372141076 0.000285010436]
Current Time: 01:31:38

-----------------------------------------------------------------------------
Training Epoch: 21
    Batch: 100000 || Loss 'Supervised_PINNS': 0.00107926864
Loss 'Supervised_PINNS': 0.00184627809
Current Time: 01:50:32

-----------------------------------------------------------------------------
Validation Epoch 21
Loss 'Supervised_PINNS': 0.00237690075
Metric ['MSE', 'RSE', 'RAE', 'RAE_target_0', 'RAE_target_1', 'RAE_target_2', 'RE_RealGasEq', 'RE_CpEq']:
 [0.0063524521 0.0671412423 0.0933215097 0.0774466246 0.162160859 0.0403570682 0.000372748938 0.000285029615]
Current Time: 01:50:36

-----------------------------------------------------------------------------
Training Epoch: 22
    Batch: 100000 || Loss 'Supervised_PINNS': 0.00140687323
Loss 'Supervised_PINNS': 0.00184603722
Current Time: 02:09:26

-----------------------------------------------------------------------------
Validation Epoch 22
Loss 'Supervised_PINNS': 0.00237655034
Metric ['MSE', 'RSE', 'RAE', 'RAE_target_0', 'RAE_target_1', 'RAE_target_2', 'RE_RealGasEq', 'RE_CpEq']:
 [0.00635132426 0.0671029 0.0933103338 0.0774532408 0.162123308 0.0403544605 0.000373340561 0.000284538633]
Current Time: 02:09:30

-----------------------------------------------------------------------------
Training Epoch: 23
    Batch: 100000 || Loss 'Supervised_PINNS': 0.00543502951
Loss 'Supervised_PINNS': 0.00184592872
Current Time: 02:28:22

-----------------------------------------------------------------------------
Validation Epoch 23
Loss 'Supervised_PINNS': 0.00237648841
Metric ['MSE', 'RSE', 'RAE', 'RAE_target_0', 'RAE_target_1', 'RAE_target_2', 'RE_RealGasEq', 'RE_CpEq']:
 [0.00634964742 0.067030333 0.0932956338 0.077466853 0.162067547 0.0403525047 0.000374161347 0.000285256887]
Current Time: 02:28:27

-----------------------------------------------------------------------------
Training Epoch: 24
    Batch: 100000 || Loss 'Supervised_PINNS': 0.000898973783
Loss 'Supervised_PINNS': 0.00184583687
Current Time: 02:47:19

-----------------------------------------------------------------------------
Validation Epoch 24
Loss 'Supervised_PINNS': 0.00237637293
Metric ['MSE', 'RSE', 'RAE', 'RAE_target_0', 'RAE_target_1', 'RAE_target_2', 'RE_RealGasEq', 'RE_CpEq']:
 [0.00634848885 0.0669735596 0.0932855532 0.0774787515 0.162026078 0.0403518118 0.00037493612 0.000285326416]
Current Time: 02:47:24

-----------------------------------------------------------------------------
Training Epoch: 25
    Batch: 100000 || Loss 'Supervised_PINNS': 0.000398342789
Loss 'Supervised_PINNS': 0.00184580893
Current Time: 03:06:16

Arguments:

ndim: 3

features_idx: [1, 2]

targets_name: ['c_p', 'rho', 'T']

training_filename: ['/home/bsc44/bsc44529/scratch_bsc44529/datasets/post_processed/59300000_5features_4targets/3d_high_pressure_turbulent_channel_flow_53900000.npz']

validation_filename: ['/home/bsc44/bsc44529/scratch_bsc44529/datasets/post_processed/59300000_5features_4targets/3d_high_pressure_turbulent_channel_flow_59300000.npz']

prediction_filename: ['/home/bsc44/bsc44529/scratch_bsc44529/datasets/post_processed/59300000_5features_4targets/3d_high_pressure_turbulent_channel_flow_59300000.npz']

spatial_dimension: [128, 128, 128]

features_limits: {'y': [0.0, 0.0002], 'u': [-0.1, 3.5], 'TKE_normalized': [0.0, 0.2], 'vorticity_magn_normalized': [0.0, 55.0], 'enstrophy_normalized': [0.0, 1400.0]}

targets_limits: {'c_p': [0.0, 4200.0], 'rho': [0.0, 850.0], 'T': [0.0, 200.0]}

learning_rate: 0.001

lr_decay: exp

lr_decay_rate: 0.1

lr_decay_step: 5.0

lr_scheduler_call_frequency: epoch

lr_verbose: 1

early_stopping_min_delta: 1e-05

early_stopping_patience: 5

early_stopping_start_from_epoch: 0

optimizer: Adam

loss: Supervised_PINNS

metrics: ['MSE', 'RSE', 'RAE', 'RAE_target_0', 'RAE_target_1', 'RAE_target_2', 'RE_RealGasEq', 'RE_CpEq']

Supervised_PINNS_weights: [0.34, 0.33, 0.33]

Supervised_PINNS_weights_first_epoch: [0.34, 0.33, 0.33]

num_hidden_layers: 6

num_neurons_per_layer: 16

activation_function: relu

initializer_type: normal

seed: 4

regularizer_type: L2

regularizer_factor: 0.01

num_epochs: 100

batch_size: 16

batch_size_validation: 2097152

batch_size_prediction: 2097152

num_batches_per_print_information: 100000

make_plots: False

visualization_step: 500

Substance: N2

P_constant: 6791600.0

eps: 1e-05

save_ckpt_freq: 1

ckpt_filename_prediction: checkpoints

num_features: 2

num_targets: 3


Shape training features: (2097152, 2)
Shape training targets: (2097152, 3)

Features name: ['u', 'TKE_normalized']
Targets name: ['c_p', 'rho', 'T']

Training Number of Batches per Epoch: 131072, with number of samples 2097152 and batch size 16

Min-Max Scaler to feature 'u', from (min, max) = (-0.1000, 3.5000) to (0, 1)
Min-Max after scaling,  training  dataset: (0.0288,0.8573)
Min-Max after scaling, validation dataset: (0.0288,0.9207)

Min-Max Scaler to feature 'TKE_normalized', from (min, max) = (0.0000, 0.2000) to (0, 1)
Min-Max after scaling,  training  dataset: (0.0000,0.9108)
Min-Max after scaling, validation dataset: (0.0000,0.8237)

Min-Max Scaler to target 'c_p', from (min, max) = (0.0000, 4200.0000) to (0, 1)
Min-Max after scaling,  training  dataset: (0.3658,0.9223)
Min-Max after scaling, validation dataset: (0.3653,0.9224)

Min-Max Scaler to target 'rho', from (min, max) = (0.0000, 850.0000) to (0, 1)
Min-Max after scaling,  training  dataset: (0.1741,0.9870)
Min-Max after scaling, validation dataset: (0.1738,0.9870)

Min-Max Scaler to target 'T', from (min, max) = (0.0000, 200.0000) to (0, 1)
Min-Max after scaling,  training  dataset: (0.4736,0.9455)
Min-Max after scaling, validation dataset: (0.4736,0.9464)

Dataset Training: 
<BatchDataset shapes: ((None, 2), (None, 3)), types: (tf.float32, tf.float32)>

Dataset Validation: 
<BatchDataset shapes: ((None, 2), (None, 3)), types: (tf.float32, tf.float32)>
Model: "model"
_________________________________________________________________
Layer (type)                 Output Shape              Param #   
=================================================================
input_1 (InputLayer)         [(None, 2)]               0         
_________________________________________________________________
dense (Dense)                (None, 16)                48        
_________________________________________________________________
dense_1 (Dense)              (None, 16)                272       
_________________________________________________________________
dense_2 (Dense)              (None, 16)                272       
_________________________________________________________________
dense_3 (Dense)              (None, 16)                272       
_________________________________________________________________
dense_4 (Dense)              (None, 16)                272       
_________________________________________________________________
dense_5 (Dense)              (None, 16)                272       
_________________________________________________________________
dense_6 (Dense)              (None, 3)                 51        
=================================================================
Total params: 1,459
Trainable params: 1,459
Non-trainable params: 0
_________________________________________________________________
None
Learning rate scheduler defined. Learning rate will decay exponentially, with:
    initial learning rate: 1.0000e-03
    decay rate: 1.0000e-01
    decay step: 5.0000e+00

Epoch 0: LearningRateScheduler setting learning rate to 0.001.

Epoch 1: LearningRateScheduler setting learning rate to 0.0006309573444801933.

Epoch 2: LearningRateScheduler setting learning rate to 0.00039810717055349724.

Epoch 3: LearningRateScheduler setting learning rate to 0.000251188643150958.

Epoch 4: LearningRateScheduler setting learning rate to 0.00015848931924611134.

Epoch 5: LearningRateScheduler setting learning rate to 0.0001.

Epoch 6: LearningRateScheduler setting learning rate to 6.309573444801933e-05.

Epoch 7: LearningRateScheduler setting learning rate to 3.9810717055349735e-05.

Epoch 8: LearningRateScheduler setting learning rate to 2.5118864315095798e-05.

Epoch 9: LearningRateScheduler setting learning rate to 1.5848931924611134e-05.

Epoch 10: LearningRateScheduler setting learning rate to 1.0000000000000003e-05.

Epoch 11: LearningRateScheduler setting learning rate to 6.3095734448019305e-06.

Epoch 12: LearningRateScheduler setting learning rate to 3.981071705534974e-06.

Epoch 13: LearningRateScheduler setting learning rate to 2.5118864315095797e-06.

Epoch 14: LearningRateScheduler setting learning rate to 1.5848931924611143e-06.

Epoch 15: LearningRateScheduler setting learning rate to 1.0000000000000002e-06.

Epoch 16: LearningRateScheduler setting learning rate to 6.309573444801931e-07.

Epoch 17: LearningRateScheduler setting learning rate to 3.981071705534974e-07.

Epoch 18: LearningRateScheduler setting learning rate to 2.51188643150958e-07.

Epoch 19: LearningRateScheduler setting learning rate to 1.5848931924611146e-07.

Epoch 20: LearningRateScheduler setting learning rate to 1.0000000000000002e-07.

Epoch 21: LearningRateScheduler setting learning rate to 6.309573444801932e-08.

Epoch 22: LearningRateScheduler setting learning rate to 3.98107170553497e-08.

Epoch 23: LearningRateScheduler setting learning rate to 2.511886431509583e-08.

Epoch 24: LearningRateScheduler setting learning rate to 1.5848931924611146e-08.

Epoch 25: LearningRateScheduler setting learning rate to 1.0000000000000004e-08.
Epoch 26: early stopping
